Log file open, 05/31/22 16:49:55
LogWindows: Failed to load 'aqProf.dll' (GetLastError=126)
LogWindows: File 'aqProf.dll' does not exist
LogWindows: Failed to load 'VtuneApi.dll' (GetLastError=126)
LogWindows: File 'VtuneApi.dll' does not exist
LogWindows: Failed to load 'VtuneApi32e.dll' (GetLastError=126)
LogWindows: File 'VtuneApi32e.dll' does not exist
LogConsoleResponse: Display: Failed to find resolution value strings in scalability ini. Falling back to default.
LogConsoleResponse: Display: Failed to find resolution value strings in scalability ini. Falling back to default.
LogInit: Display: Running engine for game: ProjetoArcoeFlecha
LogPlatformFile: Not using cached read wrapper
LogTaskGraph: Started task graph with 5 named threads and 11 total threads with 3 sets of task threads.
LogStats: Stats thread started at 0.385760
LogICUInternationalization: ICU TimeZone Detection - Raw Offset: -3:00, Platform Override: ''
LogInit: Display: Loading text-based GConfig....
LogPluginManager: Mounting plugin MeshPainting
LogPluginManager: Mounting plugin XGEController
LogPluginManager: Mounting plugin Paper2D
LogPluginManager: Mounting plugin AISupport
LogPluginManager: Mounting plugin EnvironmentQueryEditor
LogPluginManager: Mounting plugin LightPropagationVolume
LogPluginManager: Mounting plugin LiveLink
LogPluginManager: Mounting plugin CameraShakePreviewer
LogPluginManager: Mounting plugin GameplayCameras
LogPluginManager: Mounting plugin OodleData
LogPluginManager: Mounting plugin OodleNetwork
LogPluginManager: Mounting plugin AnimationSharing
LogPluginManager: Mounting plugin CLionSourceCodeAccess
LogPluginManager: Mounting plugin CodeLiteSourceCodeAccess
LogPluginManager: Mounting plugin GitSourceControl
LogPluginManager: Mounting plugin KDevelopSourceCodeAccess
LogPluginManager: Mounting plugin NullSourceCodeAccess
LogPluginManager: Mounting plugin PixWinPlugin
LogPluginManager: Mounting plugin PerforceSourceControl
LogPluginManager: Mounting plugin PlasticSourceControl
LogPluginManager: Mounting plugin PropertyAccessNode
LogPluginManager: Mounting plugin PluginUtils
LogPluginManager: Mounting plugin RiderSourceCodeAccess
LogPluginManager: Mounting plugin SubversionSourceControl
LogPluginManager: Mounting plugin TextureFormatOodle
LogPluginManager: Mounting plugin UObjectPlugin
LogPluginManager: Mounting plugin VisualStudioCodeSourceCodeAccess
LogPluginManager: Mounting plugin VisualStudioSourceCodeAccess
LogPluginManager: Mounting plugin XCodeSourceCodeAccess
LogPluginManager: Mounting plugin AssetManagerEditor
LogPluginManager: Mounting plugin CryptoKeys
LogPluginManager: Mounting plugin CurveEditorTools
LogPluginManager: Mounting plugin DataValidation
LogPluginManager: Mounting plugin FacialAnimation
LogPluginManager: Mounting plugin GameplayTagsEditor
LogPluginManager: Mounting plugin GeometryMode
LogPluginManager: Mounting plugin MacGraphicsSwitching
LogPluginManager: Mounting plugin MaterialAnalyzer
LogPluginManager: Mounting plugin MobileLauncherProfileWizard
LogPluginManager: Mounting plugin PluginBrowser
LogPluginManager: Mounting plugin SpeedTreeImporter
LogPluginManager: Mounting plugin DatasmithContent
LogPluginManager: Mounting plugin VariantManagerContent
LogPluginManager: Mounting plugin Niagara
LogPluginManager: Mounting plugin AlembicImporter
LogPluginManager: Mounting plugin AutomationUtils
LogPluginManager: Mounting plugin BackChannel
LogPluginManager: Mounting plugin ChaosCloth
LogPluginManager: Mounting plugin ChaosNiagara
LogPluginManager: Mounting plugin ChaosEditor
LogPluginManager: Mounting plugin ChaosClothEditor
LogPluginManager: Mounting plugin ChaosSolverPlugin
LogPluginManager: Mounting plugin CharacterAI
LogPluginManager: Mounting plugin GeometryCache
LogPluginManager: Mounting plugin GeometryCollectionPlugin
LogPluginManager: Mounting plugin GeometryProcessing
LogPluginManager: Mounting plugin LuminPlatformFeatures
LogPluginManager: Mounting plugin MagicLeap
LogPluginManager: Mounting plugin MotoSynth
LogPluginManager: Mounting plugin OpenImageDenoise
LogPluginManager: Mounting plugin MagicLeapLightEstimation
LogPluginManager: Mounting plugin PlanarCut
LogPluginManager: Mounting plugin MagicLeapMedia
LogPluginManager: Mounting plugin PlatformCrypto
LogPluginManager: Mounting plugin ProxyLODPlugin
LogPluginManager: Mounting plugin PythonScriptPlugin
LogPluginManager: Mounting plugin MagicLeapPassableWorld
LogPluginManager: Mounting plugin MLSDK
LogPluginManager: Mounting plugin SkeletalReduction
LogPluginManager: Mounting plugin AndroidMedia
LogPluginManager: Mounting plugin AvfMedia
LogPluginManager: Mounting plugin ImgMedia
LogPluginManager: Mounting plugin MediaCompositing
LogPluginManager: Mounting plugin MediaPlayerEditor
LogPluginManager: Mounting plugin WebMMedia
LogPluginManager: Mounting plugin WmfMedia
LogPluginManager: Mounting plugin TcpMessaging
LogPluginManager: Mounting plugin UdpMessaging
LogPluginManager: Mounting plugin ActorSequence
LogPluginManager: Mounting plugin LevelSequenceEditor
LogPluginManager: Mounting plugin MatineeToLevelSequence
LogPluginManager: Mounting plugin TemplateSequence
LogPluginManager: Mounting plugin OnlineSubsystem
LogPluginManager: Mounting plugin OnlineSubsystemNull
LogPluginManager: Mounting plugin OnlineSubsystemUtils
LogPluginManager: Mounting plugin LauncherChunkInstaller
LogPluginManager: Mounting plugin ActorLayerUtilities
LogPluginManager: Mounting plugin AndroidDeviceProfileSelector
LogPluginManager: Mounting plugin AndroidMoviePlayer
LogPluginManager: Mounting plugin AndroidPermission
LogPluginManager: Mounting plugin AppleImageUtils
LogPluginManager: Mounting plugin AppleMoviePlayer
LogPluginManager: Mounting plugin ArchVisCharacter
LogPluginManager: Mounting plugin AssetTags
LogPluginManager: Mounting plugin AudioCapture
LogPluginManager: Mounting plugin AudioSynesthesia
LogPluginManager: Mounting plugin ChunkDownloader
LogPluginManager: Mounting plugin CableComponent
LogPluginManager: Mounting plugin CustomMeshComponent
LogPluginManager: Mounting plugin EditableMesh
LogPluginManager: Mounting plugin ExampleDeviceProfileSelector
LogPluginManager: Mounting plugin GoogleCloudMessaging
LogPluginManager: Mounting plugin GooglePAD
LogPluginManager: Mounting plugin IOSDeviceProfileSelector
LogPluginManager: Mounting plugin LinuxDeviceProfileSelector
LogPluginManager: Mounting plugin LocationServicesBPLibrary
LogPluginManager: Mounting plugin MobilePatchingUtils
LogPluginManager: Mounting plugin OpenXR
LogPluginManager: Mounting plugin OpenXRHandTracking
LogPluginManager: Mounting plugin OpenXREyeTracker
LogPluginManager: Mounting plugin PhysXVehicles
LogPluginManager: Mounting plugin PostSplashScreen
LogPluginManager: Mounting plugin ProceduralMeshComponent
LogPluginManager: Mounting plugin PropertyAccessEditor
LogPluginManager: Mounting plugin RuntimePhysXCooking
LogPluginManager: Mounting plugin SignificanceManager
LogPluginManager: Mounting plugin SoundFields
LogPluginManager: Mounting plugin Synthesis
LogPluginManager: Mounting plugin ScreenshotTools
LogPluginManager: Mounting plugin WebMMoviePlayer
LogPluginManager: Mounting plugin WindowsMoviePlayer
LogPluginManager: Mounting plugin Takes
LogPluginManager: Mounting plugin ContentBrowserAssetDataSource
LogPluginManager: Mounting plugin ContentBrowserClassDataSource
LogPluginManager: Mounting plugin ContentBrowserFileDataSource
LogPluginManager: Mounting plugin OnlineSubsystemGooglePlay
LogPluginManager: Mounting plugin OnlineSubsystemIOS
LogPluginManager: Mounting plugin OculusVR
LogPluginManager: Mounting plugin SteamVR
PixWinPlugin: PIX capture plugin failed to initialize! Check that the process is launched from PIX.
LogInit: Using libcurl 7.55.1-DEV
LogInit:  - built for x86_64-pc-win32
LogInit:  - supports SSL with OpenSSL/1.1.1
LogInit:  - supports HTTP deflate (compression) using libz 1.2.8
LogInit:  - other features:
LogInit:      CURL_VERSION_SSL
LogInit:      CURL_VERSION_LIBZ
LogInit:      CURL_VERSION_IPV6
LogInit:      CURL_VERSION_ASYNCHDNS
LogInit:      CURL_VERSION_LARGEFILE
LogInit:      CURL_VERSION_IDN
LogInit:  CurlRequestOptions (configurable via config and command line):
LogInit:  - bVerifyPeer = true  - Libcurl will verify peer certificate
LogInit:  - bUseHttpProxy = false  - Libcurl will NOT use HTTP proxy
LogInit:  - bDontReuseConnections = false  - Libcurl will reuse connections
LogInit:  - MaxHostConnections = 16  - Libcurl will limit the number of connections to a host
LogInit:  - LocalHostAddr = Default
LogInit:  - BufferSize = 65536
LogOnline: OSS: Creating online subsystem instance for: NULL
LogInit: WinSock: version 1.1 (2.2), MaxSocks=32767, MaxUdp=65467
LogOnline: OSS: TryLoadSubsystemAndSetDefault: Loaded subsystem for module [NULL]
LogOculusPluginWrapper: OculusPlugin initialized successfully
LogHMD: Failed initializing OVRPlugin 1.59.0
LogInit: Build: ++UE4+Release-4.27-CL-18319896
LogInit: Engine Version: 4.27.2-18319896+++UE4+Release-4.27
LogInit: Compatible Engine Version: 4.27.0-17155196+++UE4+Release-4.27
LogInit: Net CL: 17155196
LogInit: OS: Windows 10 (Release 2009) (), CPU: Intel(R) Pentium(R) Gold G6400 CPU @ 4.00GHz, GPU: NVIDIA GeForce GT 730
LogInit: Compiled (64-bit): Nov 30 2021 07:12:08
LogInit: Compiled with Visual C++: 19.24.28315.00
LogInit: Build Configuration: Development
LogInit: Branch Name: ++UE4+Release-4.27
LogInit: Command Line: 
LogInit: Base Directory: C:/Program Files/Epic Games/UE_4.27/Engine/Binaries/Win64/
LogInit: Allocator: TBB
LogInit: Installed Engine Build: 1
LogDevObjectVersion: Number of dev versions registered: 29
LogDevObjectVersion:   Dev-Blueprints (B0D832E4-1F89-4F0D-ACCF-7EB736FD4AA2): 10
LogDevObjectVersion:   Dev-Build (E1C64328-A22C-4D53-A36C-8E866417BD8C): 0
LogDevObjectVersion:   Dev-Core (375EC13C-06E4-48FB-B500-84F0262A717E): 4
LogDevObjectVersion:   Dev-Editor (E4B068ED-F494-42E9-A231-DA0B2E46BB41): 40
LogDevObjectVersion:   Dev-Framework (CFFC743F-43B0-4480-9391-14DF171D2073): 37
LogDevObjectVersion:   Dev-Mobile (B02B49B5-BB20-44E9-A304-32B752E40360): 3
LogDevObjectVersion:   Dev-Networking (A4E4105C-59A1-49B5-A7C5-40C4547EDFEE): 0
LogDevObjectVersion:   Dev-Online (39C831C9-5AE6-47DC-9A44-9C173E1C8E7C): 0
LogDevObjectVersion:   Dev-Physics (78F01B33-EBEA-4F98-B9B4-84EACCB95AA2): 14
LogDevObjectVersion:   Dev-Platform (6631380F-2D4D-43E0-8009-CF276956A95A): 0
LogDevObjectVersion:   Dev-Rendering (12F88B9F-8875-4AFC-A67C-D90C383ABD29): 45
LogDevObjectVersion:   Dev-Sequencer (7B5AE74C-D270-4C10-A958-57980B212A5A): 13
LogDevObjectVersion:   Dev-VR (D7296918-1DD6-4BDD-9DE2-64A83CC13884): 3
LogDevObjectVersion:   Dev-LoadTimes (C2A15278-BFE7-4AFE-6C17-90FF531DF755): 1
LogDevObjectVersion:   Private-Geometry (6EACA3D4-40EC-4CC1-B786-8BED09428FC5): 3
LogDevObjectVersion:   Dev-AnimPhys (29E575DD-E0A3-4627-9D10-D276232CDCEA): 17
LogDevObjectVersion:   Dev-Anim (AF43A65D-7FD3-4947-9873-3E8ED9C1BB05): 15
LogDevObjectVersion:   Dev-ReflectionCapture (6B266CEC-1EC7-4B8F-A30B-E4D90942FC07): 1
LogDevObjectVersion:   Dev-Automation (0DF73D61-A23F-47EA-B727-89E90C41499A): 1
LogDevObjectVersion:   FortniteMain (601D1886-AC64-4F84-AA16-D3DE0DEAC7D6): 47
LogDevObjectVersion:   FortniteRelease (E7086368-6B23-4C58-8439-1B7016265E91): 1
LogDevObjectVersion:   Dev-Enterprise (9DFFBCD6-494F-0158-E221-12823C92A888): 10
LogDevObjectVersion:   Dev-Niagara (F2AED0AC-9AFE-416F-8664-AA7FFA26D6FC): 1
LogDevObjectVersion:   Dev-Destruction (174F1F0B-B4C6-45A5-B13F-2EE8D0FB917D): 10
LogDevObjectVersion:   Dev-Physics-Ext (35F94A83-E258-406C-A318-09F59610247C): 41
LogDevObjectVersion:   Dev-PhysicsMaterial-Chaos (B68FC16E-8B1B-42E2-B453-215C058844FE): 1
LogDevObjectVersion:   Dev-CineCamera (B2E18506-4273-CFC2-A54E-F4BB758BBA07): 1
LogDevObjectVersion:   Dev-VirtualProduction (64F58936-FD1B-42BA-BA96-7289D5D0FA4E): 1
LogDevObjectVersion:   Dev-MediaFramework (6F0ED827-A609-4895-9C91-998D90180EA4): 2
LogInit: Presizing for max 25165824 objects, including 0 objects not considered by GC, pre-allocating 0 bytes for permanent pool.
LogConfig: Applying CVar settings from Section [/Script/Engine.StreamingSettings] File [D:/ProjetosUnreal/Nova pasta (2)/ArcAndFeedbacks-main/ArcoeFlecha/ProjetoArcoeFlecha/Saved/Config/Windows/Engine.ini]
LogConfig: Setting CVar [[s.MinBulkDataSizeForAsyncLoading:131072]]
LogConfig: Setting CVar [[s.AsyncLoadingThreadEnabled:0]]
LogConfig: Setting CVar [[s.EventDrivenLoaderEnabled:1]]
LogConfig: Setting CVar [[s.WarnIfTimeLimitExceeded:0]]
LogConfig: Setting CVar [[s.TimeLimitExceededMultiplier:1.5]]
LogConfig: Setting CVar [[s.TimeLimitExceededMinTime:0.005]]
LogConfig: Setting CVar [[s.UseBackgroundLevelStreaming:1]]
LogConfig: Setting CVar [[s.PriorityAsyncLoadingExtraTime:15.0]]
LogConfig: Setting CVar [[s.LevelStreamingActorsUpdateTimeLimit:5.0]]
LogConfig: Setting CVar [[s.PriorityLevelStreamingActorsUpdateExtraTime:5.0]]
LogConfig: Setting CVar [[s.LevelStreamingComponentsRegistrationGranularity:10]]
LogConfig: Setting CVar [[s.UnregisterComponentsTimeLimit:1.0]]
LogConfig: Setting CVar [[s.LevelStreamingComponentsUnregistrationGranularity:5]]
LogConfig: Setting CVar [[s.FlushStreamingOnExit:1]]
LogInit: Object subsystem initialized
LogConfig: Setting CVar [[con.DebugEarlyDefault:1]]
LogConfig: Setting CVar [[r.setres:1280x720]]
[2022.05.31-19.49.56:746][  0]LogConfig: Setting CVar [[r.VSync:0]]
[2022.05.31-19.49.56:746][  0]LogConfig: Setting CVar [[r.RHICmdBypass:0]]
[2022.05.31-19.49.56:746][  0]LogConfig: Applying CVar settings from Section [/Script/Engine.RendererSettings] File [D:/ProjetosUnreal/Nova pasta (2)/ArcAndFeedbacks-main/ArcoeFlecha/ProjetoArcoeFlecha/Saved/Config/Windows/Engine.ini]
[2022.05.31-19.49.56:746][  0]LogConfig: Setting CVar [[r.GPUCrashDebugging:0]]
[2022.05.31-19.49.56:746][  0]LogConfig: Applying CVar settings from Section [/Script/Engine.RendererOverrideSettings] File [D:/ProjetosUnreal/Nova pasta (2)/ArcAndFeedbacks-main/ArcoeFlecha/ProjetoArcoeFlecha/Saved/Config/Windows/Engine.ini]
[2022.05.31-19.49.56:746][  0]LogConfig: Applying CVar settings from Section [/Script/Engine.StreamingSettings] File [D:/ProjetosUnreal/Nova pasta (2)/ArcAndFeedbacks-main/ArcoeFlecha/ProjetoArcoeFlecha/Saved/Config/Windows/Engine.ini]
[2022.05.31-19.49.56:746][  0]LogConfig: Setting CVar [[s.MinBulkDataSizeForAsyncLoading:131072]]
[2022.05.31-19.49.56:746][  0]LogConfig: Setting CVar [[s.AsyncLoadingThreadEnabled:0]]
[2022.05.31-19.49.56:746][  0]LogConfig: Setting CVar [[s.EventDrivenLoaderEnabled:1]]
[2022.05.31-19.49.56:746][  0]LogConfig: Setting CVar [[s.WarnIfTimeLimitExceeded:0]]
[2022.05.31-19.49.56:746][  0]LogConfig: Setting CVar [[s.TimeLimitExceededMultiplier:1.5]]
[2022.05.31-19.49.56:746][  0]LogConfig: Setting CVar [[s.TimeLimitExceededMinTime:0.005]]
[2022.05.31-19.49.56:746][  0]LogConfig: Setting CVar [[s.UseBackgroundLevelStreaming:1]]
[2022.05.31-19.49.56:746][  0]LogConfig: Setting CVar [[s.PriorityAsyncLoadingExtraTime:15.0]]
[2022.05.31-19.49.56:746][  0]LogConfig: Setting CVar [[s.LevelStreamingActorsUpdateTimeLimit:5.0]]
[2022.05.31-19.49.56:746][  0]LogConfig: Setting CVar [[s.PriorityLevelStreamingActorsUpdateExtraTime:5.0]]
[2022.05.31-19.49.56:746][  0]LogConfig: Setting CVar [[s.LevelStreamingComponentsRegistrationGranularity:10]]
[2022.05.31-19.49.56:746][  0]LogConfig: Setting CVar [[s.UnregisterComponentsTimeLimit:1.0]]
[2022.05.31-19.49.56:746][  0]LogConfig: Setting CVar [[s.LevelStreamingComponentsUnregistrationGranularity:5]]
[2022.05.31-19.49.56:746][  0]LogConfig: Setting CVar [[s.FlushStreamingOnExit:1]]
[2022.05.31-19.49.56:746][  0]LogConfig: Applying CVar settings from Section [/Script/Engine.GarbageCollectionSettings] File [D:/ProjetosUnreal/Nova pasta (2)/ArcAndFeedbacks-main/ArcoeFlecha/ProjetoArcoeFlecha/Saved/Config/Windows/Engine.ini]
[2022.05.31-19.49.56:746][  0]LogConfig: Setting CVar [[gc.MaxObjectsNotConsideredByGC:1]]
[2022.05.31-19.49.56:746][  0]LogConfig: Setting CVar [[gc.SizeOfPermanentObjectPool:0]]
[2022.05.31-19.49.56:746][  0]LogConfig: Setting CVar [[gc.FlushStreamingOnGC:0]]
[2022.05.31-19.49.56:746][  0]LogConfig: Setting CVar [[gc.NumRetriesBeforeForcingGC:10]]
[2022.05.31-19.49.56:746][  0]LogConfig: Setting CVar [[gc.AllowParallelGC:1]]
[2022.05.31-19.49.56:746][  0]LogConfig: Setting CVar [[gc.TimeBetweenPurgingPendingKillObjects:61.1]]
[2022.05.31-19.49.56:746][  0]LogConfig: Setting CVar [[gc.MaxObjectsInEditor:25165824]]
[2022.05.31-19.49.56:746][  0]LogConfig: Setting CVar [[gc.IncrementalBeginDestroyEnabled:1]]
[2022.05.31-19.49.56:746][  0]LogConfig: Setting CVar [[gc.CreateGCClusters:1]]
[2022.05.31-19.49.56:746][  0]LogConfig: Setting CVar [[gc.MinGCClusterSize:5]]
[2022.05.31-19.49.56:746][  0]LogConfig: Setting CVar [[gc.ActorClusteringEnabled:0]]
[2022.05.31-19.49.56:746][  0]LogConfig: Setting CVar [[gc.BlueprintClusteringEnabled:0]]
[2022.05.31-19.49.56:746][  0]LogConfig: Setting CVar [[gc.UseDisregardForGCOnDedicatedServers:0]]
[2022.05.31-19.49.56:746][  0]LogConfig: Setting CVar [[gc.MultithreadedDestructionEnabled:1]]
[2022.05.31-19.49.56:747][  0]LogConfig: Applying CVar settings from Section [/Script/Engine.NetworkSettings] File [D:/ProjetosUnreal/Nova pasta (2)/ArcAndFeedbacks-main/ArcoeFlecha/ProjetoArcoeFlecha/Saved/Config/Windows/Engine.ini]
[2022.05.31-19.49.56:747][  0]LogConfig: Applying CVar settings from Section [/Script/UnrealEd.CookerSettings] File [D:/ProjetosUnreal/Nova pasta (2)/ArcAndFeedbacks-main/ArcoeFlecha/ProjetoArcoeFlecha/Saved/Config/Windows/Engine.ini]
[2022.05.31-19.49.56:750][  0]LogConfig: Applying CVar settings from Section [ViewDistanceQuality@3] File [D:/ProjetosUnreal/Nova pasta (2)/ArcAndFeedbacks-main/ArcoeFlecha/ProjetoArcoeFlecha/Saved/Config/Windows/Scalability.ini]
[2022.05.31-19.49.56:750][  0]LogConfig: Setting CVar [[r.SkeletalMeshLODBias:0]]
[2022.05.31-19.49.56:750][  0]LogConfig: Setting CVar [[r.ViewDistanceScale:1.0]]
[2022.05.31-19.49.56:750][  0]LogConfig: Applying CVar settings from Section [AntiAliasingQuality@3] File [D:/ProjetosUnreal/Nova pasta (2)/ArcAndFeedbacks-main/ArcoeFlecha/ProjetoArcoeFlecha/Saved/Config/Windows/Scalability.ini]
[2022.05.31-19.49.56:750][  0]LogConfig: Setting CVar [[r.PostProcessAAQuality:4]]
[2022.05.31-19.49.56:750][  0]LogConfig: Applying CVar settings from Section [ShadowQuality@3] File [D:/ProjetosUnreal/Nova pasta (2)/ArcAndFeedbacks-main/ArcoeFlecha/ProjetoArcoeFlecha/Saved/Config/Windows/Scalability.ini]
[2022.05.31-19.49.56:750][  0]LogConfig: Setting CVar [[r.LightFunctionQuality:1]]
[2022.05.31-19.49.56:750][  0]LogConfig: Setting CVar [[r.ShadowQuality:5]]
[2022.05.31-19.49.56:750][  0]LogConfig: Setting CVar [[r.Shadow.CSM.MaxCascades:10]]
[2022.05.31-19.49.56:750][  0]LogConfig: Setting CVar [[r.Shadow.MaxResolution:2048]]
[2022.05.31-19.49.56:750][  0]LogConfig: Setting CVar [[r.Shadow.MaxCSMResolution:2048]]
[2022.05.31-19.49.56:750][  0]LogConfig: Setting CVar [[r.Shadow.RadiusThreshold:0.01]]
[2022.05.31-19.49.56:750][  0]LogConfig: Setting CVar [[r.Shadow.DistanceScale:1.0]]
[2022.05.31-19.49.56:750][  0]LogConfig: Setting CVar [[r.Shadow.CSM.TransitionScale:1.0]]
[2022.05.31-19.49.56:750][  0]LogConfig: Setting CVar [[r.Shadow.PreShadowResolutionFactor:1.0]]
[2022.05.31-19.49.56:750][  0]LogConfig: Setting CVar [[r.DistanceFieldShadowing:1]]
[2022.05.31-19.49.56:750][  0]LogConfig: Setting CVar [[r.DistanceFieldAO:1]]
[2022.05.31-19.49.56:751][  0]LogConfig: Setting CVar [[r.AOQuality:2]]
[2022.05.31-19.49.56:751][  0]LogConfig: Setting CVar [[r.VolumetricFog:1]]
[2022.05.31-19.49.56:751][  0]LogConfig: Setting CVar [[r.VolumetricFog.GridPixelSize:8]]
[2022.05.31-19.49.56:751][  0]LogConfig: Setting CVar [[r.VolumetricFog.GridSizeZ:128]]
[2022.05.31-19.49.56:751][  0]LogConfig: Setting CVar [[r.VolumetricFog.HistoryMissSupersampleCount:4]]
[2022.05.31-19.49.56:751][  0]LogConfig: Setting CVar [[r.LightMaxDrawDistanceScale:1]]
[2022.05.31-19.49.56:751][  0]LogConfig: Setting CVar [[r.CapsuleShadows:1]]
[2022.05.31-19.49.56:751][  0]LogConfig: Applying CVar settings from Section [PostProcessQuality@3] File [D:/ProjetosUnreal/Nova pasta (2)/ArcAndFeedbacks-main/ArcoeFlecha/ProjetoArcoeFlecha/Saved/Config/Windows/Scalability.ini]
[2022.05.31-19.49.56:751][  0]LogConfig: Setting CVar [[r.MotionBlurQuality:4]]
[2022.05.31-19.49.56:751][  0]LogConfig: Setting CVar [[r.AmbientOcclusionMipLevelFactor:0.4]]
[2022.05.31-19.49.56:751][  0]LogConfig: Setting CVar [[r.AmbientOcclusionMaxQuality:100]]
[2022.05.31-19.49.56:751][  0]LogConfig: Setting CVar [[r.AmbientOcclusionLevels:-1]]
[2022.05.31-19.49.56:751][  0]LogConfig: Setting CVar [[r.AmbientOcclusionRadiusScale:1.0]]
[2022.05.31-19.49.56:751][  0]LogConfig: Setting CVar [[r.DepthOfFieldQuality:2]]
[2022.05.31-19.49.56:751][  0]LogConfig: Setting CVar [[r.RenderTargetPoolMin:400]]
[2022.05.31-19.49.56:751][  0]LogConfig: Setting CVar [[r.LensFlareQuality:2]]
[2022.05.31-19.49.56:751][  0]LogConfig: Setting CVar [[r.SceneColorFringeQuality:1]]
[2022.05.31-19.49.56:751][  0]LogConfig: Setting CVar [[r.EyeAdaptationQuality:2]]
[2022.05.31-19.49.56:751][  0]LogConfig: Setting CVar [[r.BloomQuality:5]]
[2022.05.31-19.49.56:751][  0]LogConfig: Setting CVar [[r.FastBlurThreshold:100]]
[2022.05.31-19.49.56:751][  0]LogConfig: Setting CVar [[r.Upscale.Quality:3]]
[2022.05.31-19.49.56:751][  0]LogConfig: Setting CVar [[r.Tonemapper.GrainQuantization:1]]
[2022.05.31-19.49.56:751][  0]LogConfig: Setting CVar [[r.LightShaftQuality:1]]
[2022.05.31-19.49.56:751][  0]LogConfig: Setting CVar [[r.Filter.SizeScale:1]]
[2022.05.31-19.49.56:751][  0]LogConfig: Setting CVar [[r.Tonemapper.Quality:5]]
[2022.05.31-19.49.56:751][  0]LogConfig: Setting CVar [[r.DOF.Gather.AccumulatorQuality:1        ; higher gathering accumulator quality]]
[2022.05.31-19.49.56:751][  0]LogConfig: Setting CVar [[r.DOF.Gather.PostfilterMethod:1          ; Median3x3 postfilering method]]
[2022.05.31-19.49.56:751][  0]LogConfig: Setting CVar [[r.DOF.Gather.EnableBokehSettings:0       ; no bokeh simulation when gathering]]
[2022.05.31-19.49.56:751][  0]LogConfig: Setting CVar [[r.DOF.Gather.RingCount:4                 ; medium number of samples when gathering]]
[2022.05.31-19.49.56:751][  0]LogConfig: Setting CVar [[r.DOF.Scatter.ForegroundCompositing:1    ; additive foreground scattering]]
[2022.05.31-19.49.56:751][  0]LogConfig: Setting CVar [[r.DOF.Scatter.BackgroundCompositing:2    ; additive background scattering]]
[2022.05.31-19.49.56:751][  0]LogConfig: Setting CVar [[r.DOF.Scatter.EnableBokehSettings:1      ; bokeh simulation when scattering]]
[2022.05.31-19.49.56:751][  0]LogConfig: Setting CVar [[r.DOF.Scatter.MaxSpriteRatio:0.1         ; only a maximum of 10% of scattered bokeh]]
[2022.05.31-19.49.56:751][  0]LogConfig: Setting CVar [[r.DOF.Recombine.Quality:1                ; cheap slight out of focus]]
[2022.05.31-19.49.56:751][  0]LogConfig: Setting CVar [[r.DOF.Recombine.EnableBokehSettings:0    ; no bokeh simulation on slight out of focus]]
[2022.05.31-19.49.56:751][  0]LogConfig: Setting CVar [[r.DOF.TemporalAAQuality:1                ; more stable temporal accumulation]]
[2022.05.31-19.49.56:751][  0]LogConfig: Setting CVar [[r.DOF.Kernel.MaxForegroundRadius:0.025]]
[2022.05.31-19.49.56:751][  0]LogConfig: Setting CVar [[r.DOF.Kernel.MaxBackgroundRadius:0.025]]
[2022.05.31-19.49.56:751][  0]LogConfig: Applying CVar settings from Section [TextureQuality@3] File [D:/ProjetosUnreal/Nova pasta (2)/ArcAndFeedbacks-main/ArcoeFlecha/ProjetoArcoeFlecha/Saved/Config/Windows/Scalability.ini]
[2022.05.31-19.49.56:751][  0]LogConfig: Setting CVar [[r.Streaming.MipBias:0]]
[2022.05.31-19.49.56:751][  0]LogConfig: Setting CVar [[r.Streaming.AmortizeCPUToGPUCopy:0]]
[2022.05.31-19.49.56:751][  0]LogConfig: Setting CVar [[r.Streaming.MaxNumTexturesToStreamPerFrame:0]]
[2022.05.31-19.49.56:751][  0]LogConfig: Setting CVar [[r.Streaming.Boost:1]]
[2022.05.31-19.49.56:751][  0]LogConfig: Setting CVar [[r.MaxAnisotropy:8]]
[2022.05.31-19.49.56:751][  0]LogConfig: Setting CVar [[r.VT.MaxAnisotropy:8]]
[2022.05.31-19.49.56:751][  0]LogConfig: Setting CVar [[r.Streaming.LimitPoolSizeToVRAM:0]]
[2022.05.31-19.49.56:751][  0]LogConfig: Setting CVar [[r.Streaming.PoolSize:1000]]
[2022.05.31-19.49.56:751][  0]LogConfig: Setting CVar [[r.Streaming.MaxEffectiveScreenSize:0]]
[2022.05.31-19.49.56:751][  0]LogConfig: Applying CVar settings from Section [EffectsQuality@3] File [D:/ProjetosUnreal/Nova pasta (2)/ArcAndFeedbacks-main/ArcoeFlecha/ProjetoArcoeFlecha/Saved/Config/Windows/Scalability.ini]
[2022.05.31-19.49.56:751][  0]LogConfig: Setting CVar [[r.TranslucencyLightingVolumeDim:64]]
[2022.05.31-19.49.56:751][  0]LogConfig: Setting CVar [[r.RefractionQuality:2]]
[2022.05.31-19.49.56:751][  0]LogConfig: Setting CVar [[r.SSR.Quality:3]]
[2022.05.31-19.49.56:751][  0]LogConfig: Setting CVar [[r.SSR.HalfResSceneColor:0]]
[2022.05.31-19.49.56:751][  0]LogConfig: Setting CVar [[r.SceneColorFormat:4]]
[2022.05.31-19.49.56:751][  0]LogConfig: Setting CVar [[r.DetailMode:2]]
[2022.05.31-19.49.56:751][  0]LogConfig: Setting CVar [[r.TranslucencyVolumeBlur:1]]
[2022.05.31-19.49.56:751][  0]LogConfig: Setting CVar [[r.MaterialQualityLevel:1 ; High quality]]
[2022.05.31-19.49.56:751][  0]LogConfig: Setting CVar [[r.AnisotropicMaterials:1]]
[2022.05.31-19.49.56:751][  0]LogConfig: Setting CVar [[r.SSS.Scale:1]]
[2022.05.31-19.49.56:751][  0]LogConfig: Setting CVar [[r.SSS.SampleSet:2]]
[2022.05.31-19.49.56:751][  0]LogConfig: Setting CVar [[r.SSS.Quality:1]]
[2022.05.31-19.49.56:751][  0]LogConfig: Setting CVar [[r.SSS.HalfRes:0]]
[2022.05.31-19.49.56:751][  0]LogConfig: Setting CVar [[r.SSGI.Quality:3]]
[2022.05.31-19.49.56:751][  0]LogConfig: Setting CVar [[r.EmitterSpawnRateScale:1.0]]
[2022.05.31-19.49.56:751][  0]LogConfig: Setting CVar [[r.ParticleLightQuality:2]]
[2022.05.31-19.49.56:751][  0]LogConfig: Setting CVar [[r.SkyAtmosphere.AerialPerspectiveLUT.FastApplyOnOpaque:1 ; Always have FastSkyLUT 1 in this case to avoid wrong sky]]
[2022.05.31-19.49.56:751][  0]LogConfig: Setting CVar [[r.SkyAtmosphere.AerialPerspectiveLUT.SampleCountMaxPerSlice:4]]
[2022.05.31-19.49.56:751][  0]LogConfig: Setting CVar [[r.SkyAtmosphere.AerialPerspectiveLUT.DepthResolution:16.0]]
[2022.05.31-19.49.56:751][  0]LogConfig: Setting CVar [[r.SkyAtmosphere.FastSkyLUT:1]]
[2022.05.31-19.49.56:751][  0]LogConfig: Setting CVar [[r.SkyAtmosphere.FastSkyLUT.SampleCountMin:4.0]]
[2022.05.31-19.49.56:751][  0]LogConfig: Setting CVar [[r.SkyAtmosphere.FastSkyLUT.SampleCountMax:128.0]]
[2022.05.31-19.49.56:751][  0]LogConfig: Setting CVar [[r.SkyAtmosphere.SampleCountMin:4.0]]
[2022.05.31-19.49.56:751][  0]LogConfig: Setting CVar [[r.SkyAtmosphere.SampleCountMax:128.0]]
[2022.05.31-19.49.56:751][  0]LogConfig: Setting CVar [[r.SkyAtmosphere.TransmittanceLUT.UseSmallFormat:0]]
[2022.05.31-19.49.56:751][  0]LogConfig: Setting CVar [[r.SkyAtmosphere.TransmittanceLUT.SampleCount:10.0]]
[2022.05.31-19.49.56:751][  0]LogConfig: Setting CVar [[r.SkyAtmosphere.MultiScatteringLUT.SampleCount:15.0]]
[2022.05.31-19.49.56:751][  0]LogConfig: Setting CVar [[r.SkyLight.RealTimeReflectionCapture:1]]
[2022.05.31-19.49.56:751][  0]LogConfig: Applying CVar settings from Section [FoliageQuality@3] File [D:/ProjetosUnreal/Nova pasta (2)/ArcAndFeedbacks-main/ArcoeFlecha/ProjetoArcoeFlecha/Saved/Config/Windows/Scalability.ini]
[2022.05.31-19.49.56:751][  0]LogConfig: Setting CVar [[foliage.DensityScale:1.0]]
[2022.05.31-19.49.56:751][  0]LogConfig: Setting CVar [[grass.DensityScale:1.0]]
[2022.05.31-19.49.56:751][  0]LogConfig: Applying CVar settings from Section [ShadingQuality@3] File [D:/ProjetosUnreal/Nova pasta (2)/ArcAndFeedbacks-main/ArcoeFlecha/ProjetoArcoeFlecha/Saved/Config/Windows/Scalability.ini]
[2022.05.31-19.49.56:751][  0]LogConfig: Setting CVar [[r.HairStrands.SkyLighting.IntegrationType:2]]
[2022.05.31-19.49.56:751][  0]LogConfig: Setting CVar [[r.HairStrands.SkyAO.SampleCount:4]]
[2022.05.31-19.49.56:751][  0]LogConfig: Setting CVar [[r.HairStrands.Visibility.MSAA.SamplePerPixel:4]]
[2022.05.31-19.49.56:751][  0]LogInit: Selected Device Profile: [Windows]
[2022.05.31-19.49.56:751][  0]LogInit: Applying CVar settings loaded from the selected device profile: [Windows]
[2022.05.31-19.49.56:751][  0]LogHAL: Display: Platform has ~ 8 GB [8516657152 / 8589934592 / 8], which maps to Default [LargestMinGB=32, LargerMinGB=12, DefaultMinGB=8, SmallerMinGB=6, SmallestMinGB=0)
[2022.05.31-19.49.56:751][  0]LogInit: Going up to parent DeviceProfile []
[2022.05.31-19.49.56:751][  0]LogConfig: Applying CVar settings from Section [ViewDistanceQuality@3] File [D:/ProjetosUnreal/Nova pasta (2)/ArcAndFeedbacks-main/ArcoeFlecha/ProjetoArcoeFlecha/Saved/Config/Windows/Scalability.ini]
[2022.05.31-19.49.56:751][  0]LogConfig: Setting CVar [[r.SkeletalMeshLODBias:0]]
[2022.05.31-19.49.56:751][  0]LogConfig: Setting CVar [[r.ViewDistanceScale:1.0]]
[2022.05.31-19.49.56:751][  0]LogConfig: Applying CVar settings from Section [AntiAliasingQuality@3] File [D:/ProjetosUnreal/Nova pasta (2)/ArcAndFeedbacks-main/ArcoeFlecha/ProjetoArcoeFlecha/Saved/Config/Windows/Scalability.ini]
[2022.05.31-19.49.56:751][  0]LogConfig: Setting CVar [[r.PostProcessAAQuality:4]]
[2022.05.31-19.49.56:751][  0]LogConfig: Applying CVar settings from Section [ShadowQuality@3] File [D:/ProjetosUnreal/Nova pasta (2)/ArcAndFeedbacks-main/ArcoeFlecha/ProjetoArcoeFlecha/Saved/Config/Windows/Scalability.ini]
[2022.05.31-19.49.56:751][  0]LogConfig: Setting CVar [[r.LightFunctionQuality:1]]
[2022.05.31-19.49.56:751][  0]LogConfig: Setting CVar [[r.ShadowQuality:5]]
[2022.05.31-19.49.56:751][  0]LogConfig: Setting CVar [[r.Shadow.CSM.MaxCascades:10]]
[2022.05.31-19.49.56:752][  0]LogConfig: Setting CVar [[r.Shadow.MaxResolution:2048]]
[2022.05.31-19.49.56:752][  0]LogConfig: Setting CVar [[r.Shadow.MaxCSMResolution:2048]]
[2022.05.31-19.49.56:752][  0]LogConfig: Setting CVar [[r.Shadow.RadiusThreshold:0.01]]
[2022.05.31-19.49.56:752][  0]LogConfig: Setting CVar [[r.Shadow.DistanceScale:1.0]]
[2022.05.31-19.49.56:752][  0]LogConfig: Setting CVar [[r.Shadow.CSM.TransitionScale:1.0]]
[2022.05.31-19.49.56:752][  0]LogConfig: Setting CVar [[r.Shadow.PreShadowResolutionFactor:1.0]]
[2022.05.31-19.49.56:752][  0]LogConfig: Setting CVar [[r.DistanceFieldShadowing:1]]
[2022.05.31-19.49.56:752][  0]LogConfig: Setting CVar [[r.DistanceFieldAO:1]]
[2022.05.31-19.49.56:752][  0]LogConfig: Setting CVar [[r.AOQuality:2]]
[2022.05.31-19.49.56:752][  0]LogConfig: Setting CVar [[r.VolumetricFog:1]]
[2022.05.31-19.49.56:752][  0]LogConfig: Setting CVar [[r.VolumetricFog.GridPixelSize:8]]
[2022.05.31-19.49.56:752][  0]LogConfig: Setting CVar [[r.VolumetricFog.GridSizeZ:128]]
[2022.05.31-19.49.56:752][  0]LogConfig: Setting CVar [[r.VolumetricFog.HistoryMissSupersampleCount:4]]
[2022.05.31-19.49.56:752][  0]LogConfig: Setting CVar [[r.LightMaxDrawDistanceScale:1]]
[2022.05.31-19.49.56:752][  0]LogConfig: Setting CVar [[r.CapsuleShadows:1]]
[2022.05.31-19.49.56:752][  0]LogConfig: Applying CVar settings from Section [PostProcessQuality@3] File [D:/ProjetosUnreal/Nova pasta (2)/ArcAndFeedbacks-main/ArcoeFlecha/ProjetoArcoeFlecha/Saved/Config/Windows/Scalability.ini]
[2022.05.31-19.49.56:752][  0]LogConfig: Setting CVar [[r.MotionBlurQuality:4]]
[2022.05.31-19.49.56:752][  0]LogConfig: Setting CVar [[r.AmbientOcclusionMipLevelFactor:0.4]]
[2022.05.31-19.49.56:752][  0]LogConfig: Setting CVar [[r.AmbientOcclusionMaxQuality:100]]
[2022.05.31-19.49.56:752][  0]LogConfig: Setting CVar [[r.AmbientOcclusionLevels:-1]]
[2022.05.31-19.49.56:752][  0]LogConfig: Setting CVar [[r.AmbientOcclusionRadiusScale:1.0]]
[2022.05.31-19.49.56:752][  0]LogConfig: Setting CVar [[r.DepthOfFieldQuality:2]]
[2022.05.31-19.49.56:752][  0]LogConfig: Setting CVar [[r.RenderTargetPoolMin:400]]
[2022.05.31-19.49.56:752][  0]LogConfig: Setting CVar [[r.LensFlareQuality:2]]
[2022.05.31-19.49.56:752][  0]LogConfig: Setting CVar [[r.SceneColorFringeQuality:1]]
[2022.05.31-19.49.56:752][  0]LogConfig: Setting CVar [[r.EyeAdaptationQuality:2]]
[2022.05.31-19.49.56:752][  0]LogConfig: Setting CVar [[r.BloomQuality:5]]
[2022.05.31-19.49.56:752][  0]LogConfig: Setting CVar [[r.FastBlurThreshold:100]]
[2022.05.31-19.49.56:752][  0]LogConfig: Setting CVar [[r.Upscale.Quality:3]]
[2022.05.31-19.49.56:752][  0]LogConfig: Setting CVar [[r.Tonemapper.GrainQuantization:1]]
[2022.05.31-19.49.56:752][  0]LogConfig: Setting CVar [[r.LightShaftQuality:1]]
[2022.05.31-19.49.56:752][  0]LogConfig: Setting CVar [[r.Filter.SizeScale:1]]
[2022.05.31-19.49.56:752][  0]LogConfig: Setting CVar [[r.Tonemapper.Quality:5]]
[2022.05.31-19.49.56:752][  0]LogConfig: Setting CVar [[r.DOF.Gather.AccumulatorQuality:1        ; higher gathering accumulator quality]]
[2022.05.31-19.49.56:752][  0]LogConfig: Setting CVar [[r.DOF.Gather.PostfilterMethod:1          ; Median3x3 postfilering method]]
[2022.05.31-19.49.56:752][  0]LogConfig: Setting CVar [[r.DOF.Gather.EnableBokehSettings:0       ; no bokeh simulation when gathering]]
[2022.05.31-19.49.56:752][  0]LogConfig: Setting CVar [[r.DOF.Gather.RingCount:4                 ; medium number of samples when gathering]]
[2022.05.31-19.49.56:752][  0]LogConfig: Setting CVar [[r.DOF.Scatter.ForegroundCompositing:1    ; additive foreground scattering]]
[2022.05.31-19.49.56:752][  0]LogConfig: Setting CVar [[r.DOF.Scatter.BackgroundCompositing:2    ; additive background scattering]]
[2022.05.31-19.49.56:752][  0]LogConfig: Setting CVar [[r.DOF.Scatter.EnableBokehSettings:1      ; bokeh simulation when scattering]]
[2022.05.31-19.49.56:752][  0]LogConfig: Setting CVar [[r.DOF.Scatter.MaxSpriteRatio:0.1         ; only a maximum of 10% of scattered bokeh]]
[2022.05.31-19.49.56:752][  0]LogConfig: Setting CVar [[r.DOF.Recombine.Quality:1                ; cheap slight out of focus]]
[2022.05.31-19.49.56:752][  0]LogConfig: Setting CVar [[r.DOF.Recombine.EnableBokehSettings:0    ; no bokeh simulation on slight out of focus]]
[2022.05.31-19.49.56:752][  0]LogConfig: Setting CVar [[r.DOF.TemporalAAQuality:1                ; more stable temporal accumulation]]
[2022.05.31-19.49.56:752][  0]LogConfig: Setting CVar [[r.DOF.Kernel.MaxForegroundRadius:0.025]]
[2022.05.31-19.49.56:752][  0]LogConfig: Setting CVar [[r.DOF.Kernel.MaxBackgroundRadius:0.025]]
[2022.05.31-19.49.56:752][  0]LogConfig: Applying CVar settings from Section [TextureQuality@3] File [D:/ProjetosUnreal/Nova pasta (2)/ArcAndFeedbacks-main/ArcoeFlecha/ProjetoArcoeFlecha/Saved/Config/Windows/Scalability.ini]
[2022.05.31-19.49.56:752][  0]LogConfig: Setting CVar [[r.Streaming.MipBias:0]]
[2022.05.31-19.49.56:752][  0]LogConfig: Setting CVar [[r.Streaming.AmortizeCPUToGPUCopy:0]]
[2022.05.31-19.49.56:752][  0]LogConfig: Setting CVar [[r.Streaming.MaxNumTexturesToStreamPerFrame:0]]
[2022.05.31-19.49.56:752][  0]LogConfig: Setting CVar [[r.Streaming.Boost:1]]
[2022.05.31-19.49.56:752][  0]LogConfig: Setting CVar [[r.MaxAnisotropy:8]]
[2022.05.31-19.49.56:752][  0]LogConfig: Setting CVar [[r.VT.MaxAnisotropy:8]]
[2022.05.31-19.49.56:752][  0]LogConfig: Setting CVar [[r.Streaming.LimitPoolSizeToVRAM:0]]
[2022.05.31-19.49.56:752][  0]LogConfig: Setting CVar [[r.Streaming.PoolSize:1000]]
[2022.05.31-19.49.56:752][  0]LogConfig: Setting CVar [[r.Streaming.MaxEffectiveScreenSize:0]]
[2022.05.31-19.49.56:752][  0]LogConfig: Applying CVar settings from Section [EffectsQuality@3] File [D:/ProjetosUnreal/Nova pasta (2)/ArcAndFeedbacks-main/ArcoeFlecha/ProjetoArcoeFlecha/Saved/Config/Windows/Scalability.ini]
[2022.05.31-19.49.56:752][  0]LogConfig: Setting CVar [[r.TranslucencyLightingVolumeDim:64]]
[2022.05.31-19.49.56:752][  0]LogConfig: Setting CVar [[r.RefractionQuality:2]]
[2022.05.31-19.49.56:752][  0]LogConfig: Setting CVar [[r.SSR.Quality:3]]
[2022.05.31-19.49.56:752][  0]LogConfig: Setting CVar [[r.SSR.HalfResSceneColor:0]]
[2022.05.31-19.49.56:752][  0]LogConfig: Setting CVar [[r.SceneColorFormat:4]]
[2022.05.31-19.49.56:752][  0]LogConfig: Setting CVar [[r.DetailMode:2]]
[2022.05.31-19.49.56:752][  0]LogConfig: Setting CVar [[r.TranslucencyVolumeBlur:1]]
[2022.05.31-19.49.56:752][  0]LogConfig: Setting CVar [[r.MaterialQualityLevel:1 ; High quality]]
[2022.05.31-19.49.56:752][  0]LogConfig: Setting CVar [[r.AnisotropicMaterials:1]]
[2022.05.31-19.49.56:752][  0]LogConfig: Setting CVar [[r.SSS.Scale:1]]
[2022.05.31-19.49.56:752][  0]LogConfig: Setting CVar [[r.SSS.SampleSet:2]]
[2022.05.31-19.49.56:752][  0]LogConfig: Setting CVar [[r.SSS.Quality:1]]
[2022.05.31-19.49.56:752][  0]LogConfig: Setting CVar [[r.SSS.HalfRes:0]]
[2022.05.31-19.49.56:752][  0]LogConfig: Setting CVar [[r.SSGI.Quality:3]]
[2022.05.31-19.49.56:752][  0]LogConfig: Setting CVar [[r.EmitterSpawnRateScale:1.0]]
[2022.05.31-19.49.56:752][  0]LogConfig: Setting CVar [[r.ParticleLightQuality:2]]
[2022.05.31-19.49.56:752][  0]LogConfig: Setting CVar [[r.SkyAtmosphere.AerialPerspectiveLUT.FastApplyOnOpaque:1 ; Always have FastSkyLUT 1 in this case to avoid wrong sky]]
[2022.05.31-19.49.56:752][  0]LogConfig: Setting CVar [[r.SkyAtmosphere.AerialPerspectiveLUT.SampleCountMaxPerSlice:4]]
[2022.05.31-19.49.56:752][  0]LogConfig: Setting CVar [[r.SkyAtmosphere.AerialPerspectiveLUT.DepthResolution:16.0]]
[2022.05.31-19.49.56:752][  0]LogConfig: Setting CVar [[r.SkyAtmosphere.FastSkyLUT:1]]
[2022.05.31-19.49.56:752][  0]LogConfig: Setting CVar [[r.SkyAtmosphere.FastSkyLUT.SampleCountMin:4.0]]
[2022.05.31-19.49.56:752][  0]LogConfig: Setting CVar [[r.SkyAtmosphere.FastSkyLUT.SampleCountMax:128.0]]
[2022.05.31-19.49.56:752][  0]LogConfig: Setting CVar [[r.SkyAtmosphere.SampleCountMin:4.0]]
[2022.05.31-19.49.56:752][  0]LogConfig: Setting CVar [[r.SkyAtmosphere.SampleCountMax:128.0]]
[2022.05.31-19.49.56:752][  0]LogConfig: Setting CVar [[r.SkyAtmosphere.TransmittanceLUT.UseSmallFormat:0]]
[2022.05.31-19.49.56:752][  0]LogConfig: Setting CVar [[r.SkyAtmosphere.TransmittanceLUT.SampleCount:10.0]]
[2022.05.31-19.49.56:752][  0]LogConfig: Setting CVar [[r.SkyAtmosphere.MultiScatteringLUT.SampleCount:15.0]]
[2022.05.31-19.49.56:752][  0]LogConfig: Setting CVar [[r.SkyLight.RealTimeReflectionCapture:1]]
[2022.05.31-19.49.56:752][  0]LogConfig: Applying CVar settings from Section [FoliageQuality@3] File [D:/ProjetosUnreal/Nova pasta (2)/ArcAndFeedbacks-main/ArcoeFlecha/ProjetoArcoeFlecha/Saved/Config/Windows/Scalability.ini]
[2022.05.31-19.49.56:752][  0]LogConfig: Setting CVar [[foliage.DensityScale:1.0]]
[2022.05.31-19.49.56:752][  0]LogConfig: Setting CVar [[grass.DensityScale:1.0]]
[2022.05.31-19.49.56:752][  0]LogConfig: Applying CVar settings from Section [ShadingQuality@3] File [D:/ProjetosUnreal/Nova pasta (2)/ArcAndFeedbacks-main/ArcoeFlecha/ProjetoArcoeFlecha/Saved/Config/Windows/Scalability.ini]
[2022.05.31-19.49.56:752][  0]LogConfig: Setting CVar [[r.HairStrands.SkyLighting.IntegrationType:2]]
[2022.05.31-19.49.56:752][  0]LogConfig: Setting CVar [[r.HairStrands.SkyAO.SampleCount:4]]
[2022.05.31-19.49.56:752][  0]LogConfig: Setting CVar [[r.HairStrands.Visibility.MSAA.SamplePerPixel:4]]
[2022.05.31-19.49.56:752][  0]LogConfig: Applying CVar settings from Section [Startup] File [../../../Engine/Config/ConsoleVariables.ini]
[2022.05.31-19.49.56:753][  0]LogConfig: Setting CVar [[net.UseAdaptiveNetUpdateFrequency:0]]
[2022.05.31-19.49.56:753][  0]LogConfig: Setting CVar [[p.chaos.AllowCreatePhysxBodies:1]]
[2022.05.31-19.49.56:753][  0]LogConfig: Setting CVar [[fx.SkipVectorVMBackendOptimizations:1]]
[2022.05.31-19.49.56:753][  0]LogConfig: Applying CVar settings from Section [ConsoleVariables] File [D:/ProjetosUnreal/Nova pasta (2)/ArcAndFeedbacks-main/ArcoeFlecha/ProjetoArcoeFlecha/Saved/Config/Windows/Engine.ini]
[2022.05.31-19.49.56:753][  0]LogConfig: Applying CVar settings from Section [ConsoleVariables] File [D:/ProjetosUnreal/Nova pasta (2)/ArcAndFeedbacks-main/ArcoeFlecha/ProjetoArcoeFlecha/Saved/Config/Windows/Editor.ini]
[2022.05.31-19.49.56:754][  0]LogInit: Computer: DESKTOP-1C38HS9
[2022.05.31-19.49.56:754][  0]LogInit: User: Home
[2022.05.31-19.49.56:754][  0]LogInit: CPU Page size=4096, Cores=2
[2022.05.31-19.49.56:754][  0]LogInit: High frequency timer resolution =10.000000 MHz
[2022.05.31-19.49.56:754][  0]LogMemory: Memory total: Physical=7.9GB (8GB approx)
[2022.05.31-19.49.56:754][  0]LogMemory: Platform Memory Stats for Windows
[2022.05.31-19.49.56:754][  0]LogMemory: Process Physical Memory: 139.72 MB used, 139.72 MB peak
[2022.05.31-19.49.56:754][  0]LogMemory: Process Virtual Memory: 125.11 MB used, 125.11 MB peak
[2022.05.31-19.49.56:754][  0]LogMemory: Physical Memory: 7355.12 MB used,  767.00 MB free, 8122.12 MB total
[2022.05.31-19.49.56:754][  0]LogMemory: Virtual Memory: 134217016.00 MB used,  715.11 MB free, 134217728.00 MB total
[2022.05.31-19.49.56:759][  0]LogWindows: WindowsPlatformFeatures enabled
[2022.05.31-19.49.56:808][  0]LogInit: Physics initialised using underlying interface: PhysX
[2022.05.31-19.49.56:809][  0]LogInit: Using OS detected language (pt-BR).
[2022.05.31-19.49.56:809][  0]LogInit: Using OS detected locale (pt-BR).
[2022.05.31-19.49.56:874][  0]LogTextLocalizationResource: LocRes '../../../Engine/Content/Localization/Editor/pt/Editor.locres' could not be opened for reading!
[2022.05.31-19.49.56:874][  0]LogTextLocalizationResource: LocRes '../../../Engine/Content/Localization/EditorTutorials/pt/EditorTutorials.locres' could not be opened for reading!
[2022.05.31-19.49.56:875][  0]LogTextLocalizationResource: LocRes '../../../Engine/Content/Localization/Keywords/pt/Keywords.locres' could not be opened for reading!
[2022.05.31-19.49.56:875][  0]LogTextLocalizationResource: LocRes '../../../Engine/Content/Localization/Category/pt/Category.locres' could not be opened for reading!
[2022.05.31-19.49.56:875][  0]LogTextLocalizationResource: LocRes '../../../Engine/Content/Localization/ToolTips/pt/ToolTips.locres' could not be opened for reading!
[2022.05.31-19.49.56:875][  0]LogTextLocalizationResource: LocRes '../../../Engine/Content/Localization/PropertyNames/pt/PropertyNames.locres' could not be opened for reading!
[2022.05.31-19.49.56:875][  0]LogTextLocalizationResource: LocRes '../../../Engine/Content/Localization/Engine/pt/Engine.locres' could not be opened for reading!
[2022.05.31-19.49.56:875][  0]LogTextLocalizationResource: LocRes '../../../Engine/Plugins/Online/OnlineSubsystem/Content/Localization/OnlineSubsystem/pt/OnlineSubsystem.locres' could not be opened for reading!
[2022.05.31-19.49.56:875][  0]LogTextLocalizationResource: LocRes '../../../Engine/Plugins/Online/OnlineSubsystemUtils/Content/Localization/OnlineSubsystemUtils/pt/OnlineSubsystemUtils.locres' could not be opened for reading!
[2022.05.31-19.49.56:875][  0]LogTextLocalizationResource: LocRes '../../../Engine/Plugins/Online/Android/OnlineSubsystemGooglePlay/Content/Localization/OnlineSubsystemGooglePlay/pt/OnlineSubsystemGooglePlay.locres' could not be opened for reading!
[2022.05.31-19.49.56:875][  0]LogTextLocalizationResource: LocRes '../../../Engine/Plugins/Online/IOS/OnlineSubsystemIOS/Content/Localization/OnlineSubsystemIOS/pt/OnlineSubsystemIOS.locres' could not be opened for reading!
[2022.05.31-19.49.56:883][  0]LogInit: Setting process to per monitor DPI aware
[2022.05.31-19.49.56:908][  0]LogWindowsTextInputMethodSystem: Display: IME system deactivated.
[2022.05.31-19.49.57:043][  0]LogSlate: New Slate User Created.  User Index 0, Is Virtual User: 0
[2022.05.31-19.49.57:043][  0]LogSlate: Slate User Registered.  User Index 0, Is Virtual User: 0
[2022.05.31-19.49.57:291][  0]LogD3D11RHI: Loaded GFSDK_Aftermath_Lib.x64.dll
[2022.05.31-19.49.57:294][  0]LogHMD: Failed to initialize OpenVR with code 110
[2022.05.31-19.49.57:294][  0]LogD3D11RHI: D3D11 min allowed feature level: 11_0
[2022.05.31-19.49.57:294][  0]LogD3D11RHI: D3D11 max allowed feature level: 11_0
[2022.05.31-19.49.57:294][  0]LogD3D11RHI: D3D11 adapters:
[2022.05.31-19.49.57:367][  0]LogD3D11RHI:    0. 'NVIDIA GeForce GT 730' (Feature Level 11_0)
[2022.05.31-19.49.57:367][  0]LogD3D11RHI:       2000/0/4061 MB DedicatedVideo/DedicatedSystem/SharedSystem, Outputs:1, VendorId:0x10de
[2022.05.31-19.49.57:371][  0]LogD3D11RHI:    1. 'Microsoft Basic Render Driver' (Feature Level 11_0)
[2022.05.31-19.49.57:371][  0]LogD3D11RHI:       0/0/4061 MB DedicatedVideo/DedicatedSystem/SharedSystem, Outputs:0, VendorId:0x1414
[2022.05.31-19.49.57:371][  0]LogD3D11RHI: Chosen D3D11 Adapter:
[2022.05.31-19.49.57:371][  0]LogD3D11RHI:     Description : NVIDIA GeForce GT 730
[2022.05.31-19.49.57:371][  0]LogD3D11RHI:     VendorId    : 10de
[2022.05.31-19.49.57:371][  0]LogD3D11RHI:     DeviceId    : 0f02
[2022.05.31-19.49.57:371][  0]LogD3D11RHI:     SubSysId    : 0000
[2022.05.31-19.49.57:371][  0]LogD3D11RHI:     Revision    : 00a1
[2022.05.31-19.49.57:371][  0]LogD3D11RHI:     DedicatedVideoMemory : 2097741824 bytes
[2022.05.31-19.49.57:371][  0]LogD3D11RHI:     DedicatedSystemMemory : 0 bytes
[2022.05.31-19.49.57:371][  0]LogD3D11RHI:     SharedSystemMemory : 4258328576 bytes
[2022.05.31-19.49.57:371][  0]LogD3D11RHI:     AdapterLuid : 0 37928
[2022.05.31-19.49.57:375][  0]LogD3D11RHI: Creating new Direct3DDevice
[2022.05.31-19.49.57:375][  0]LogD3D11RHI:     GPU DeviceId: 0xf02 (for the marketing name, search the web for "GPU Device Id")
[2022.05.31-19.49.57:375][  0]LogWindows: EnumDisplayDevices:
[2022.05.31-19.49.57:375][  0]LogWindows:    0. 'NVIDIA GeForce GT 730' (P:1 D:1)
[2022.05.31-19.49.57:375][  0]LogWindows:    1. 'NVIDIA GeForce GT 730' (P:0 D:0)
[2022.05.31-19.49.57:375][  0]LogWindows: DebugString: FoundDriverCount:2 
[2022.05.31-19.49.57:375][  0]LogD3D11RHI:     Adapter Name: NVIDIA GeForce GT 730
[2022.05.31-19.49.57:375][  0]LogD3D11RHI:   Driver Version: 388.13 (internal:23.21.13.8813, unified:388.13)
[2022.05.31-19.49.57:376][  0]LogD3D11RHI:      Driver Date: 10-27-2017
[2022.05.31-19.49.57:376][  0]LogRHI: Texture pool is 1400 MB (70% of 2000 MB)
[2022.05.31-19.49.57:376][  0]LogD3D11RHI: Creating D3DDevice using adapter:
[2022.05.31-19.49.57:376][  0]LogD3D11RHI:     Description : NVIDIA GeForce GT 730
[2022.05.31-19.49.57:376][  0]LogD3D11RHI:     VendorId    : 10de
[2022.05.31-19.49.57:376][  0]LogD3D11RHI:     DeviceId    : 0f02
[2022.05.31-19.49.57:376][  0]LogD3D11RHI:     SubSysId    : 0000
[2022.05.31-19.49.57:376][  0]LogD3D11RHI:     Revision    : 00a1
[2022.05.31-19.49.57:376][  0]LogD3D11RHI:     DedicatedVideoMemory : 2097741824 bytes
[2022.05.31-19.49.57:376][  0]LogD3D11RHI:     DedicatedSystemMemory : 0 bytes
[2022.05.31-19.49.57:376][  0]LogD3D11RHI:     SharedSystemMemory : 4258328576 bytes
[2022.05.31-19.49.57:376][  0]LogD3D11RHI:     AdapterLuid : 0 37928
[2022.05.31-19.49.57:404][  0]LogD3D11RHI: Display: Timestamp queries are currently disabled on this hardware due to instability. Realtime GPU stats will not be available. You can override this behaviour by setting r.NVIDIATimestampWorkaround to 0
[2022.05.31-19.49.57:404][  0]LogD3D11RHI: RHI does not have support for 64 bit atomics
[2022.05.31-19.49.57:404][  0]LogD3D11RHI: Async texture creation enabled
[2022.05.31-19.49.57:462][  0]LogD3D11RHI: GPU Timing Frequency: 1000.000000 (Debug: 2 1)
[2022.05.31-19.49.57:522][  0]LogRHI: GeForceNow SDK initialized: 1
[2022.05.31-19.49.58:055][  0]LogTargetPlatformManager: Display: Loaded TargetPlatform 'AllDesktop'
[2022.05.31-19.49.58:077][  0]LogTargetPlatformManager: Display: Loaded TargetPlatform 'Android'
[2022.05.31-19.49.58:077][  0]LogTargetPlatformManager: Display: Loaded TargetPlatform 'Android_ASTC'
[2022.05.31-19.49.58:077][  0]LogTargetPlatformManager: Display: Loaded TargetPlatform 'Android_DXT'
[2022.05.31-19.49.58:077][  0]LogTargetPlatformManager: Display: Loaded TargetPlatform 'Android_ETC2'
[2022.05.31-19.49.58:077][  0]LogTargetPlatformManager: Display: Loaded TargetPlatform 'AndroidClient'
[2022.05.31-19.49.58:077][  0]LogTargetPlatformManager: Display: Loaded TargetPlatform 'Android_ASTCClient'
[2022.05.31-19.49.58:077][  0]LogTargetPlatformManager: Display: Loaded TargetPlatform 'Android_DXTClient'
[2022.05.31-19.49.58:077][  0]LogTargetPlatformManager: Display: Loaded TargetPlatform 'Android_ETC2Client'
[2022.05.31-19.49.58:077][  0]LogTargetPlatformManager: Display: Loaded TargetPlatform 'Android_Multi'
[2022.05.31-19.49.58:077][  0]LogTargetPlatformManager: Display: Loaded TargetPlatform 'Android_MultiClient'
[2022.05.31-19.49.58:100][  0]LogTargetPlatformManager: Display: Loaded TargetPlatform 'IOSClient'
[2022.05.31-19.49.58:100][  0]LogTargetPlatformManager: Display: Loaded TargetPlatform 'IOS'
[2022.05.31-19.49.58:112][  0]LogTargetPlatformManager: Display: Loaded TargetPlatform 'Linux'
[2022.05.31-19.49.58:118][  0]LogTargetPlatformManager: Display: Loaded TargetPlatform 'LinuxNoEditor'
[2022.05.31-19.49.58:123][  0]LogTargetPlatformManager: Display: Loaded TargetPlatform 'LinuxClient'
[2022.05.31-19.49.58:129][  0]LogTargetPlatformManager: Display: Loaded TargetPlatform 'LinuxServer'
[2022.05.31-19.49.58:140][  0]LogTargetPlatformManager: Display: Loaded TargetPlatform 'LinuxAArch64NoEditor'
[2022.05.31-19.49.58:146][  0]LogTargetPlatformManager: Display: Loaded TargetPlatform 'LinuxAArch64Client'
[2022.05.31-19.49.58:152][  0]LogTargetPlatformManager: Display: Loaded TargetPlatform 'LinuxAArch64Server'
[2022.05.31-19.49.58:176][  0]LogTargetPlatformManager: Display: Loaded TargetPlatform 'Lumin'
[2022.05.31-19.49.58:176][  0]LogTargetPlatformManager: Display: Loaded TargetPlatform 'LuminClient'
[2022.05.31-19.49.58:186][  0]LogTargetPlatformManager: Display: Loaded TargetPlatform 'MacNoEditor'
[2022.05.31-19.49.58:191][  0]LogTargetPlatformManager: Display: Loaded TargetPlatform 'Mac'
[2022.05.31-19.49.58:197][  0]LogTargetPlatformManager: Display: Loaded TargetPlatform 'MacClient'
[2022.05.31-19.49.58:203][  0]LogTargetPlatformManager: Display: Loaded TargetPlatform 'MacServer'
[2022.05.31-19.49.58:213][  0]LogTargetPlatformManager: Display: Loaded TargetPlatform 'TVOSClient'
[2022.05.31-19.49.58:213][  0]LogTargetPlatformManager: Display: Loaded TargetPlatform 'TVOS'
[2022.05.31-19.49.58:224][  0]LogTargetPlatformManager: Display: Loaded TargetPlatform 'WindowsNoEditor'
[2022.05.31-19.49.58:230][  0]LogTargetPlatformManager: Display: Loaded TargetPlatform 'Windows'
[2022.05.31-19.49.58:236][  0]LogTargetPlatformManager: Display: Loaded TargetPlatform 'WindowsClient'
[2022.05.31-19.49.58:242][  0]LogTargetPlatformManager: Display: Loaded TargetPlatform 'WindowsServer'
[2022.05.31-19.49.58:242][  0]LogTargetPlatformManager: Display: Building Assets For Windows
[2022.05.31-19.49.58:255][  0]LogAudioDebug: Display: Lib vorbis DLL was dynamically loaded.
[2022.05.31-19.49.58:296][  0]LogTextureFormatOodle: Display: Oodle Texture 2.9.0 init RDO Off
[2022.05.31-19.49.58:352][  0]LogRendererCore: Ray tracing is disabled. Reason: r.RayTracing=0.
[2022.05.31-19.49.58:352][  0]LogShaderCompilers: Guid format shader working directory is -39 characters bigger than the processId version (D:/ProjetosUnreal/Nova pasta (2)/ArcAndFeedbacks-main/ArcoeFlecha/ProjetoArcoeFlecha/Intermediate/Shaders/WorkingDirectory/8588/).
[2022.05.31-19.49.58:352][  0]LogShaderCompilers: Cleaned the shader compiler working directory 'C:/Users/Home/AppData/Local/Temp/UnrealShaderWorkingDir/522FA1B04A041EF7BF7610ABCFE0F016/'.
[2022.05.31-19.49.58:352][  0]LogXGEController: Cannot use XGE Controller as Incredibuild is not installed on this machine.
[2022.05.31-19.49.58:352][  0]LogShaderCompilers: Cannot use XGE Shader Compiler as Incredibuild is not installed on this machine.
[2022.05.31-19.49.58:352][  0]LogShaderCompilers: Display: Using Local Shader Compiler.
[2022.05.31-19.49.59:230][  0]LogDerivedDataCache: Display: Max Cache Size: 512 MB
[2022.05.31-19.49.59:289][  0]LogDerivedDataCache: Loaded boot cache 0.06s 94MB C:/Users/Home/AppData/Local/UnrealEngine/4.27/DerivedDataCache/Boot.ddc.
[2022.05.31-19.49.59:289][  0]LogDerivedDataCache: Display: Loaded Boot cache: C:/Users/Home/AppData/Local/UnrealEngine/4.27/DerivedDataCache/Boot.ddc
[2022.05.31-19.49.59:290][  0]LogDerivedDataCache: FDerivedDataBackendGraph:  Pak pak cache file D:/ProjetosUnreal/Nova pasta (2)/ArcAndFeedbacks-main/ArcoeFlecha/ProjetoArcoeFlecha/DerivedDataCache/DDC.ddp not found, will not use a pak cache.
[2022.05.31-19.49.59:290][  0]LogDerivedDataCache: Unable to find inner node Pak for hierarchical cache Hierarchy.
[2022.05.31-19.49.59:290][  0]LogDerivedDataCache: FDerivedDataBackendGraph:  CompressedPak pak cache file D:/ProjetosUnreal/Nova pasta (2)/ArcAndFeedbacks-main/ArcoeFlecha/ProjetoArcoeFlecha/DerivedDataCache/Compressed.ddp not found, will not use a pak cache.
[2022.05.31-19.49.59:290][  0]LogDerivedDataCache: Unable to find inner node CompressedPak for hierarchical cache Hierarchy.
[2022.05.31-19.49.59:309][  0]LogDerivedDataCache: Display: Pak cache opened for reading ../../../Engine/DerivedDataCache/Compressed.ddp.
[2022.05.31-19.49.59:310][  0]LogDerivedDataCache: FDerivedDataBackendGraph:  EnterprisePak pak cache file ../../../Enterprise/DerivedDataCache/Compressed.ddp not found, will not use a pak cache.
[2022.05.31-19.49.59:310][  0]LogDerivedDataCache: Unable to find inner node EnterprisePak for hierarchical cache Hierarchy.
[2022.05.31-19.49.59:330][  0]LogDerivedDataCache: Speed tests for C:/Users/Home/AppData/Local/UnrealEngine/Common/DerivedDataCache took 0.02 seconds
[2022.05.31-19.49.59:330][  0]LogDerivedDataCache: Display: Performance to C:/Users/Home/AppData/Local/UnrealEngine/Common/DerivedDataCache: Latency=0.04ms. RandomReadSpeed=62.69MBs, RandomWriteSpeed=195.92MBs. Assigned SpeedClass 'Local'
[2022.05.31-19.49.59:331][  0]LogDerivedDataCache: Using Local data cache path C:/Users/Home/AppData/Local/UnrealEngine/Common/DerivedDataCache: Writable
[2022.05.31-19.49.59:331][  0]LogDerivedDataCache: Shared data cache path not found in *engine.ini, will not use an Shared cache.
[2022.05.31-19.49.59:331][  0]LogDerivedDataCache: Unable to find inner node Shared for hierarchical cache Hierarchy.
[2022.05.31-19.49.59:395][  0]LogSlate: Using FreeType 2.10.0
[2022.05.31-19.49.59:397][  0]LogSlate: SlateFontServices - WITH_FREETYPE: 1, WITH_HARFBUZZ: 1
[2022.05.31-19.49.59:429][  0]LogAssetRegistry: FAssetRegistry took 0.0030 seconds to start up
[2022.05.31-19.49.59:696][  0]LogInit: Selected Device Profile: [Windows]
[2022.05.31-19.49.59:696][  0]LogInit: Active device profile: [000001C1D9544E00][000001C1CDC72DC0 49] Windows
[2022.05.31-19.49.59:696][  0]LogInit: Profiles: [000001C1D9544E00][000001C1CDC72DC0 49] Windows, [000001C1D9512300][000001C1CD86CF00 49] WindowsNoEditor, [000001C1D9545D00][000001C1CDC77040 49] WindowsServer, [000001C1D9513100][000001C1CDC7B180 49] WindowsClient, [000001C1D9546A00][000001C1CD561300 49] IOS, [000001C1D9513700][000001C1CD565480 49] iPadAir, [000001C1D9545500][000001C1CD569600 49] iPadAir2, [000001C1D94AD300][000001C1CD5718C0 49] IPadPro, [000001C1D94AD400][000001C1CD56D900 49] iPadAir3, [000001C1D9511900][000001C1CD575A80 49] iPadAir4, [000001C1D94AE000][000001C1D7365C00 49] iPadMini2, [000001C1D9513000][000001C1D7368200 49] iPadMini3, [000001C1D94AEA00][000001C1D736C380 49] iPadMini4, [000001C1D9510F00][000001C1D7370500 49] iPadMini5, [000001C1D94D0C00][000001C1D73787C0 49] iPhone6, [000001C1D94D0D00][000001C1D7374800 49] iPodTouch6, [000001C1D9547700][000001C1D7380AC0 49] iPhone7, [000001C1D9546700][000001C1D737CB00 49] iPodTouch7, [000001C1D94AFC00][000001C1D7384C80 49] iPhone5S, [000001C1D94AC100][000001C1D7388E00 49] iPhone6Plus, [000001C1D94D3F00][000001C1CD55CF40 49] iPhone6S, [000001C1D94AC500][000001C1D738D080 49] iPhone6SPlus, [000001C1D94D2700][000001C1D73911C0 49] iPhone7Plus, [000001C1D94ADA00][000001C1D7395300 49] iPhoneSE, [000001C1D94D2900][000001C1D739D480 49] iPhone8, [000001C1D94AEE00][000001C1D8E0F600 49] iPhone8Plus, [000001C1D94D2400][000001C1D8E13780 49] iPhoneX, [000001C1D9545400][000001C1D8E17900 49] iPhoneXS, [000001C1D94D3500][000001C1D8E1BA80 49] iPhoneXSMax, [000001C1D9545900][000001C1D8E1FC00 49] iPhoneXR, [000001C1D94D0B00][000001C1D8E22200 49] iPhone11, [000001C1D9547600][000001C1D8E26380 49] iPhone11Pro, [000001C1D94D2100][000001C1D8E2A500 49] iPhone11ProMax, [000001C1D9546B00][000001C1D8E2E680 49] iPhoneSE2, [000001C1D94D3D00][000001C1D8E32800 49] iPhone12Mini, [000001C1D9547B00][000001C1D8E36980 49] iPhone12, [000001C1D94D1300][000001C1D8E3AB00 49] iPhone12Pro, [000001C1D9545300][000001C1D8E3EC80 49] iPhone12ProMax, [000001C1D94D1100][000001C1D8E42E00 49] iPadPro105, [000001C1D9544300][000001C1D8E46F80 49] iPadPro129, [000001C1D94D0500][000001C1D8E4B100 49] iPadPro97, [000001C1D9547000][000001C1D7399240 49] iPadPro2_129, [000001C1D94D2000][000001C1D8E4F380 49] iPad5, [000001C1D9547A00][000001C1D8E534C0 49] iPad6, [000001C1D94D3C00][000001C1D8E5B640 49] iPad7, [000001C1D9546F00][000001C1D8E5F7C0 49] iPad8, [000001C1D94D0800][000001C1D8E63940 49] iPadPro11, [000001C1D9545B00][000001C1D8E67AC0 49] iPadPro2_11, [000001C1D94D1A00][000001C1D8E6A0C0 49] iPadPro3_129, [000001C1D9547C00][000001C1D8E6E240 49] iPadPro4_129, [000001C1D94D3100][000001C1D8E723C0 49] AppleTV, [000001C1D9545E00][000001C1D8E76540 49] AppleTV4K, [000001C1D94D0200][000001C1D8E7A6C0 49] TVOS, [000001C1D9545C00][000001C1D9E90840 49] Mac, [000001C1D94D1900][000001C1D9E949C0 49] MacClient, [000001C1D9546800][000001C1D9E98B40 49] MacNoEditor, [000001C1D94D0600][000001C1D9E9CCC0 49] MacServer, [000001C1D9544A00][000001C1D9EA0E40 49] Linux, [000001C1D94D0900][000001C1D9EA4FC0 49] LinuxAArch64, [000001C1D9546200][000001C1D9EA9140 49] LinuxNoEditor, [000001C1D94D3E00][000001C1D9EAD2C0 49] LinuxAArch64NoEditor, [000001C1D9547400][000001C1D8E57400 49] LinuxClient, [000001C1D94D3900][000001C1D9EB1540 49] LinuxAArch64Client, [000001C1D9547500][000001C1D9EB5680 49] LinuxServer, [000001C1D94D1C00][000001C1D9EB97C0 49] LinuxAArch64Server, [000001C1D9547D00][000001C1D9EC1940 49] Android, [000001C1D94D1700][000001C1D9EC5AC0 49] Android_Low, [000001C1D9545200][000001C1D9EC80C0 49] Android_Mid, [000001C1D94D1500][000001C1D9ECC240 49] Android_High, [000001C1D9544800][000001C1D9ED03C0 49] Android_Default, [000001C1D94D1B00][000001C1D9ED4540 49] Android_Adreno4xx, [000001C1D9544600][000001C1D9ED86C0 49] Android_Adreno5xx_Low, [000001C1D94D3400][000001C1D9EDC840 49] Android_Adreno5xx, [000001C1D94AC600][000001C1D9EE09C0 49] Android_Adreno6xx, [000001C1D9512B00][000001C1D9EE4B40 49] Android_Adreno6xx_Vulkan, [000001C1D94AF000][000001C1D9EE8CC0 49] Android_Mali_T6xx, [000001C1D9512900][000001C1D9EECE40 49] Android_Mali_T7xx, [000001C1D94AF400][000001C1D9EF0FC0 49] Android_Mali_T8xx, [000001C1D9510D00][000001C1D9EF5140 49] Android_Mali_G71, [000001C1D94AD500][000001C1D9EF92C0 49] Android_Mali_G72, [000001C1D9510100][000001C1D9EFD440 49] Android_Mali_G72_Vulkan, [000001C1D94AE600][000001C1D9EBD580 49] Android_Mali_G76, [000001C1D9511400][000001C1D9F016C0 49] Android_Mali_G76_Vulkan, [000001C1D94AE900][000001C1D9F05800 49] Android_Mali_G77, [000001C1D9513F00][000001C1D9F09940 49] Android_Mali_G77_Vulkan, [000001C1D94AE800][000001C1D9F11AC0 49] Android_Mali_G78, [000001C1D9512200][000001C1D9F140C0 49] Android_Mali_G78_Vulkan, [000001C1D94AF300][000001C1D9F18240 49] Android_Mali_G710, [000001C1D9510400][000001C1D9F1C3C0 49] Android_Mali_G710_Vulkan, [000001C1D94AC900][000001C1D9F20540 49] Android_Vulkan_SM5, [000001C1D9512D00][000001C1D9F246C0 49] Android_PowerVR_G6xxx, [000001C1D94AED00][000001C1D9F28840 49] Android_PowerVR_GT7xxx, [000001C1D9512700][000001C1D9F2C9C0 49] Android_PowerVR_GE8xxx, [000001C1D94AD600][000001C1D9F30B40 49] Android_PowerVR_GM9xxx, [000001C1D9512E00][000001C1D9F34CC0 49] Android_PowerVR_GM9xxx_Vulkan, [000001C1D94AFD00][000001C1D9F38E40 49] Android_TegraK1, [000001C1D9510200][000001C1D9F3CFC0 49] Android_Unknown_Vulkan, [000001C1D94AEB00][000001C1D9F41140 49] Lumin, [000001C1D9512A00][000001C1D9F452C0 49] Lumin_Desktop, [000001C1D94AF200][000001C1D9F49440 49] HoloLens, 
[2022.05.31-19.49.59:963][  0]LogMeshReduction: Using QuadricMeshReduction for automatic static mesh reduction
[2022.05.31-19.49.59:963][  0]LogMeshReduction: Using SimplygonMeshReduction for automatic skeletal mesh reduction
[2022.05.31-19.49.59:963][  0]LogMeshReduction: Using ProxyLODMeshReduction for automatic mesh merging
[2022.05.31-19.49.59:963][  0]LogMeshReduction: No distributed automatic mesh merging module available
[2022.05.31-19.49.59:963][  0]LogMeshMerging: No distributed automatic mesh merging module available
[2022.05.31-19.49.59:981][  0]LogNetVersion: ProjetoArcoeFlecha 1.0.0, NetCL: 17155196, EngineNetVer: 17, GameNetVer: 0 (Checksum: 237613891)
[2022.05.31-19.50.00:532][  0]LogTexture: Default maximum texture size for cubemaps generated from long-lat sources has been changed from 512 to unlimited. In order to preserve old behaiour for '/Engine/MapTemplates/Sky/DaylightAmbientCubemap.DaylightAmbientCubemap', its maximum texture size has been explicitly set to 512.
[2022.05.31-19.50.00:602][  0]LogHMD: PokeAHoleMaterial loaded successfully
[2022.05.31-19.50.00:607][  0]LogUObjectArray: 17178 objects as part of root set at end of initial load.
[2022.05.31-19.50.00:607][  0]LogUObjectAllocator: 4302048 out of 0 bytes used by permanent object pool.
[2022.05.31-19.50.00:607][  0]LogUObjectArray: CloseDisregardForGC: 0/0 objects in disregard for GC pool
[2022.05.31-19.50.01:135][  0]LogNiagaraDebuggerClient: Niagara Debugger Client Initialized | Session: 8BAF321B4FF3C567A38258A4A7C5940E | Instance: A26BDCAA4E6A4F31E43491AD5CDCF7CC (DESKTOP-1C38HS9-8588).
[2022.05.31-19.50.01:295][  0]LogPython: Using Python 3.7.7
[2022.05.31-19.50.01:801][  0]LogTcpMessaging: Initializing TcpMessaging bridge
[2022.05.31-19.50.01:807][  0]LogUdpMessaging: Initializing bridge on interface 0.0.0.0:0 to multicast group 230.0.0.1:6666.
[2022.05.31-19.50.01:997][  0]SourceControl: Controle de origem desativado
[2022.05.31-19.50.01:997][  0]SourceControl: Controle de origem desativado
[2022.05.31-19.50.02:001][  0]SourceControl: Controle de origem desativado
[2022.05.31-19.50.02:005][  0]SourceControl: Controle de origem desativado
[2022.05.31-19.50.02:016][  0]SourceControl: Controle de origem desativado
[2022.05.31-19.50.02:024][  0]LogUProjectInfo: Found projects:
[2022.05.31-19.50.02:292][  0]LogOpenImageDenoise: OIDN starting up
[2022.05.31-19.50.02:334][  0]LogAndroidPermission: UAndroidPermissionCallbackProxy::GetInstance
[2022.05.31-19.50.02:363][  0]LogAudioCaptureCore: Display: No Audio Capture implementations found. Audio input will be silent.
[2022.05.31-19.50.02:363][  0]LogAudioCaptureCore: Display: No Audio Capture implementations found. Audio input will be silent.
[2022.05.31-19.50.02:533][  0]LogCollectionManager: Loaded 0 collections in 0.001251 seconds
[2022.05.31-19.50.02:555][  0]LogFileCache: Scanning file cache for directory 'D:/ProjetosUnreal/Nova pasta (2)/ArcAndFeedbacks-main/ArcoeFlecha/ProjetoArcoeFlecha/Saved/Collections/' took 0.00s
[2022.05.31-19.50.02:556][  0]LogFileCache: Scanning file cache for directory 'D:/ProjetosUnreal/Nova pasta (2)/ArcAndFeedbacks-main/ArcoeFlecha/ProjetoArcoeFlecha/Content/Developers/Home/Collections/' took 0.00s
[2022.05.31-19.50.02:556][  0]LogFileCache: Scanning file cache for directory 'D:/ProjetosUnreal/Nova pasta (2)/ArcAndFeedbacks-main/ArcoeFlecha/ProjetoArcoeFlecha/Content/Collections/' took 0.00s
[2022.05.31-19.50.02:556][  0]LogOcInput: OculusInput pre-init called
[2022.05.31-19.50.02:826][  0]LogEngine: Initializing Engine...
[2022.05.31-19.50.02:835][  0]LogHMD: Failed to enumerate extensions. Please check that you have a valid OpenXR runtime installed.
[2022.05.31-19.50.02:835][  0]LogHMD: Failed to initialize OpenVR with code 110
[2022.05.31-19.50.02:836][  0]LogMagicLeap: Warning: VR disabled because ZI is not enabled.  To enable, in the editor, Edit -> Project Settings -> Plugins -> Magic Leap Plugin -> Enable Zero Iteration
[2022.05.31-19.50.02:836][  0]LogStats: UGameplayTagsManager::InitializeManager -  0.000 s
[2022.05.31-19.50.02:947][  0]LogInit: Initializing FReadOnlyCVARCache
[2022.05.31-19.50.02:957][  0]LogAIModule: Creating AISystem for world Untitled
[2022.05.31-19.50.02:966][  0]LogAudio: Display: Initializing Audio Device Manager...
[2022.05.31-19.50.02:970][  0]LogAudio: Display: Loading Default Audio Settings Objects...
[2022.05.31-19.50.02:970][  0]LogAudio: Display: No default SoundConcurrencyObject specified (or failed to load).
[2022.05.31-19.50.02:971][  0]LogAudio: Display: Audio Device Manager Initialized
[2022.05.31-19.50.02:971][  0]LogAudio: Display: Creating Audio Device:                 Id: 1, Scope: Shared, Realtime: True
[2022.05.31-19.50.02:971][  0]LogAudioMixer: Display: Audio Mixer Platform Settings:
[2022.05.31-19.50.02:971][  0]LogAudioMixer: Display: 	Sample Rate:						  48000
[2022.05.31-19.50.02:971][  0]LogAudioMixer: Display: 	Callback Buffer Frame Size Requested: 1024
[2022.05.31-19.50.02:971][  0]LogAudioMixer: Display: 	Callback Buffer Frame Size To Use:	  1024
[2022.05.31-19.50.02:971][  0]LogAudioMixer: Display: 	Number of buffers to queue:			  2
[2022.05.31-19.50.02:971][  0]LogAudioMixer: Display: 	Max Channels (voices):				  32
[2022.05.31-19.50.02:971][  0]LogAudioMixer: Display: 	Number of Async Source Workers:		  0
[2022.05.31-19.50.02:971][  0]LogAudio: Display: AudioDevice MaxSources: 32
[2022.05.31-19.50.02:971][  0]LogAudio: Display: Audio Spatialization Plugin: None (built-in).
[2022.05.31-19.50.02:971][  0]LogAudio: Display: Audio Reverb Plugin: None (built-in).
[2022.05.31-19.50.02:971][  0]LogAudio: Display: Audio Occlusion Plugin: None (built-in).
[2022.05.31-19.50.02:971][  0]LogAudioMixer: Display: Initializing audio mixer.
[2022.05.31-19.50.02:979][  0]LogAudioMixer: Display: 0: FrontLeft
[2022.05.31-19.50.02:979][  0]LogAudioMixer: Display: 1: FrontRight
[2022.05.31-19.50.02:995][  0]LogAudioMixer: Display: Using Audio Device LG HD-14 (NVIDIA High Definition Audio)
[2022.05.31-19.50.02:997][  0]LogAudioMixer: Display: Initializing Sound Submixes...
[2022.05.31-19.50.03:000][  0]LogAudioMixer: Display: Creating Master Submix 'MasterSubmixDefault'
[2022.05.31-19.50.03:000][  0]LogAudioMixer: Display: Creating Master Submix 'MasterReverbSubmixDefault'
[2022.05.31-19.50.03:001][  0]LogAudioMixer: Display: Creating Master Submix 'MasterEQSubmixDefault'
[2022.05.31-19.50.03:001][  0]LogAudioMixer: FMixerPlatformXAudio2::StartAudioStream() called
[2022.05.31-19.50.03:001][  0]LogAudioMixer: Display: Output buffers initialized: Frames=1024, Channels=2, Samples=2048
[2022.05.31-19.50.03:002][  0]LogAudioMixer: Display: Starting AudioMixerPlatformInterface::RunInternal()
[2022.05.31-19.50.03:002][  0]LogAudioMixer: Display: FMixerPlatformXAudio2::SubmitBuffer() called for the first time
[2022.05.31-19.50.03:002][  0]LogInit: FAudioDevice initialized.
[2022.05.31-19.50.03:002][  0]LogAudio: Display: Audio Device (ID: 1) registered with world 'Untitled'.
[2022.05.31-19.50.03:002][  0]LogNetVersion: Set ProjectVersion to 1.0.0.0. Version Checksum will be recalculated on next use.
[2022.05.31-19.50.03:082][  0]LogDerivedDataCache: Saved boot cache 0.08s 94MB C:/Users/Home/AppData/Local/UnrealEngine/4.27/DerivedDataCache/Boot.ddc.
[2022.05.31-19.50.03:082][  0]LogInit: Texture streaming: Enabled
[2022.05.31-19.50.03:094][  0]LogAnalytics: Display: [UEEditor.Rocket.Release] APIServer = https://datarouter.ol.epicgames.com/. AppVersion = 4.27.2-18319896+++UE4+Release-4.27
[2022.05.31-19.50.03:097][  0]LogEngineSessionManager: EngineSessionManager initialized
[2022.05.31-19.50.03:097][  0]LogEditorSessionSummary: Verbose: Initializing EditorSessionSummaryWriter for editor session tracking
[2022.05.31-19.50.03:099][  0]LogEditorSessionSummary: EditorSessionSummaryWriter initialized
[2022.05.31-19.50.03:997][  0]LogInit: Transaction tracking system initialized
[2022.05.31-19.50.04:050][  0]BlueprintLog: New page: Carregar Editor
[2022.05.31-19.50.04:118][  0]LocalizationService: Localization service is disabled
[2022.05.31-19.50.04:155][  0]TimingProfiler: Initialize
[2022.05.31-19.50.04:156][  0]TimingProfiler: OnSessionChanged
[2022.05.31-19.50.04:156][  0]LoadingProfiler: Initialize
[2022.05.31-19.50.04:156][  0]LoadingProfiler: OnSessionChanged
[2022.05.31-19.50.04:156][  0]NetworkingProfiler: Initialize
[2022.05.31-19.50.04:156][  0]NetworkingProfiler: OnSessionChanged
[2022.05.31-19.50.04:156][  0]MemoryProfiler: Initialize
[2022.05.31-19.50.04:156][  0]MemoryProfiler: OnSessionChanged
[2022.05.31-19.50.04:281][  0]LogSlate: Took 0.000155 seconds to synchronously load lazily loaded font '../../../Engine/Content/Slate/Fonts/Roboto-Regular.ttf' (155K)
[2022.05.31-20.07.52:712][  0]LogSlate: Window 'Low drive space warning' being destroyed
[2022.05.31-20.07.52:714][  0]Message dialog closed, result: Ok, title: Low drive space warning, text: The following drive locations have limited free space.
It is recommended that you free some space to avoid issues such as crashed and data loss due to files not being able to be written and saved.

  73 MB Free 		 C:/Program Files/Epic Games/UE_4.27/Engine/Binaries/Win64/
 				 The base engine directory. 

  73 MB Free 		 C:/Users/Home/Documents/
 				 User directory where user specific settings are stored. 

[2022.05.31-20.07.53:309][  0]LogCook: Display: CookSettings for Memory: MemoryMaxUsedVirtual 0MiB, MemoryMaxUsedPhysical 16384MiB, MemoryMinFreeVirtual 0MiB, MemoryMinFreePhysical 1024MiB
[2022.05.31-20.07.53:309][  0]LogCook: Display: Mobile HDR setting 1
[2022.05.31-20.07.53:605][  0]LogFileCache: Scanning file cache for directory 'D:/ProjetosUnreal/Nova pasta (2)/ArcAndFeedbacks-main/ArcoeFlecha/ProjetoArcoeFlecha/Content/' took 0.01s
[2022.05.31-20.07.53:860][  0]LogInit: Display: Engine is initialized. Leaving FEngineLoop::Init()
[2022.05.31-20.07.53:873][  0]SourceControl: Controle de origem desativado
[2022.05.31-20.07.53:876][  0]LogUnrealEdMisc: Loading editor; pre map load, took 1080.044
[2022.05.31-20.07.53:879][  0]Cmd: MAP LOAD FILE="D:/ProjetosUnreal/Nova pasta (2)/ArcAndFeedbacks-main/ArcoeFlecha/ProjetoArcoeFlecha/Content/FirstPersonBP/Maps/FirstPersonExampleMap.umap" TEMPLATE=0 SHOWPROGRESS=1 FEATURELEVEL=3
[2022.05.31-20.07.53:995][  0]LightingResults: New page: Compilação de Iluminação
[2022.05.31-20.07.54:008][  0]LogWorld: UWorld::CleanupWorld for Untitled, bSessionEnded=true, bCleanupResources=true
[2022.05.31-20.07.54:010][  0]LogSlate: InvalidateAllWidgets triggered.  All widgets were invalidated
[2022.05.31-20.07.54:011][  0]MapCheck: New page: Verificação de Mapa
[2022.05.31-20.07.54:011][  0]LightingResults: New page: Compilação de Iluminação
[2022.05.31-20.07.54:016][  0]LogAudio: Display: Audio Device unregistered from world 'None'.
[2022.05.31-20.07.54:024][  0]LogUObjectHash: Compacting FUObjectHashTables data took   1.06ms
[2022.05.31-20.07.57:391][  0]LogBlueprint: Warning: Timeline TL_Fire_Def Track Fire_Def_Time in /Engine/Transient.REINST_BP_4E_Light_Def_C_8 has an invalid curve.  Please fix!
[2022.05.31-20.07.57:391][  0]LogBlueprint: Warning: Timeline TL_Fire_Def Track DeActivate All in /Engine/Transient.REINST_BP_4E_Light_Def_C_8 has an invalid curve.  Please fix!
[2022.05.31-20.07.59:493][  0]LogAudio: Display: Audio Device (ID: 1) registered with world 'FirstPersonExampleMap'.
[2022.05.31-20.07.59:494][  0]LogAIModule: Creating AISystem for world FirstPersonExampleMap
[2022.05.31-20.07.59:529][  0]LogD3D11RHI: Error: Direct3DDevice->CreateTexture2D(TextureDesc,SubResourceData,OutTexture2D) failed 
 at D:/Build/++UE4/Sync/Engine/Source/Runtime/Windows/D3D11RHI/Private/D3D11Texture.cpp:534 
 with error E_OUTOFMEMORY, 
 Size=1024x1024x1 PF=1 D3DFormat=DXGI_FORMAT_R32G32B32A32_FLOAT(0x00000002), NumMips=1, Flags=D3D11_BIND_RENDER_TARGET D3D11_BIND_SHADER_RESOURCE , Usage:0x0, CPUFlags:0x0, MiscFlags:0x0, SampleCount:0x1, SampleQuality:0x0, SubresPtr:0x0000000000000000, SubresPitch:0, SubresSlicePitch:0
[2022.05.31-20.07.59:529][  0]LogEditorServer: Finished looking for orphan Actors (0.000 secs)
[2022.05.31-20.08.04:691][  0]LogConsoleResponse:      7 = 64 KB (2D 128x128 PF_B8G8R8A8) PerlinNoiseGradient
[2022.05.31-20.08.04:691][  0]LogConsoleResponse:     18 = 32 KB (2D 64x64 PF_FloatRGBA VRam) LTCMat VRamInKB(Start/Size):<NONE>
[2022.05.31-20.08.04:691][  0]LogConsoleResponse:     15 = 16 KB (2D 128x32 PF_G16R16) PreintegratedGF
[2022.05.31-20.08.04:691][  0]LogConsoleResponse:     19 = 16 KB (2D 64x64 PF_G16R16F VRam) LTCAmp VRamInKB(Start/Size):<NONE>
[2022.05.31-20.08.04:691][  0]LogConsoleResponse:     16 = 16 KB (3D 16x16x16 PF_B8G8R8A8) PerlinNoise3D
[2022.05.31-20.08.04:691][  0]LogConsoleResponse:     20 = 8 KB (2D 64x64 PF_R8G8) SSAORandomization
[2022.05.31-20.08.04:691][  0]LogConsoleResponse:     21 = 8 KB (3D 16x16x16 PF_R16F) GTAOPreIntegrated
[2022.05.31-20.08.04:691][  0]LogConsoleResponse:      4 = 1 KB (2D 1x1 PF_B8G8R8A8 RT) BlackAlphaOneDummy
[2022.05.31-20.08.04:691][  0]LogConsoleResponse:      2 = 1 KB (2D 1x1 PF_B8G8R8A8 RT) BlackDummy
[2022.05.31-20.08.04:691][  0]LogConsoleResponse:      6 = 1 KB (2D 1x1 PF_B8G8R8A8 RT) DefaultNormal8Bit
[2022.05.31-20.08.04:691][  0]LogConsoleResponse:      5 = 1 KB (2D 1x1 PF_B8G8R8A8 RT) GreenDummy
[2022.05.31-20.08.04:691][  0]LogConsoleResponse:      1 = 1 KB (2D 1x1 PF_B8G8R8A8 RT) WhiteDummy
[2022.05.31-20.08.04:691][  0]LogConsoleResponse:      9 = 1 KB (2D 1x1 PF_DepthStencil) DepthDummy
[2022.05.31-20.08.04:691][  0]LogConsoleResponse:      8 = 1 KB (2D 1x1 PF_FloatRGBA RT) MaxFP16Depth
[2022.05.31-20.08.04:691][  0]LogConsoleResponse:     11 = 1 KB (2D 1x1 PF_FloatRGBA RT) MidGreyDummy
[2022.05.31-20.08.04:691][  0]LogConsoleResponse:      3 = 1 KB (2D 1x1 PF_R32_UINT RT) ZeroUIntDummy
[2022.05.31-20.08.04:691][  0]LogConsoleResponse:     10 = 1 KB (2D 1x1 PF_R8G8B8A8_UINT RT) StencilDummy
[2022.05.31-20.08.04:691][  0]LogConsoleResponse:     12 = 1 KB (2D 32x16 PF_R16_UINT) SobolSampling
[2022.05.31-20.08.04:691][  0]LogConsoleResponse:     17 = 1 KB (2D 4x4 PF_R8G8B8A8) GTAORandomization
[2022.05.31-20.08.04:691][  0]LogConsoleResponse:     14 = 1 KB (3D 1x1x1 PF_B8G8R8A8 RT) HairLUT0
[2022.05.31-20.08.04:691][  0]LogConsoleResponse:     13 = 1 KB (3D 1x1x1 PF_B8G8R8A8 RT) VolumetricBlackDummy
[2022.05.31-20.08.04:691][  0]LogConsoleResponse: 
[2022.05.31-20.08.04:691][  0]LogConsoleResponse: Pool: 1/1 MB (referenced/allocated)
[2022.05.31-20.08.04:692][  0]Cmd: rhi.DumpMemory
[2022.05.31-20.08.04:712][  0]RHI resource memory (not tracked by our allocator)
[2022.05.31-20.08.04:713][  0]               0  -  Pixel buffer memory - STAT_PixelBufferMemory - STATGROUP_RHI - STATCAT_Advanced
[2022.05.31-20.08.04:713][  0]               0  -  Structured buffer memory - STAT_StructuredBufferMemory - STATGROUP_RHI - STATCAT_Advanced
[2022.05.31-20.08.04:713][  0]               0  -  Vertex buffer memory - STAT_VertexBufferMemory - STATGROUP_RHI - STATCAT_Advanced
[2022.05.31-20.08.04:713][  0]               0  -  Index buffer memory - STAT_IndexBufferMemory - STATGROUP_RHI - STATCAT_Advanced
[2022.05.31-20.08.04:713][  0]               0  -  Uniform buffer memory - STAT_UniformBufferMemory - STATGROUP_RHI - STATCAT_Advanced
[2022.05.31-20.08.04:713][  0]               0  -  Texture memory Cube - STAT_TextureMemoryCube - STATGROUP_RHI - STATCAT_Advanced
[2022.05.31-20.08.04:713][  0]               0  -  Texture memory 3D - STAT_TextureMemory3D - STATGROUP_RHI - STATCAT_Advanced
[2022.05.31-20.08.04:713][  0]               0  -  Texture memory 2D - STAT_TextureMemory2D - STATGROUP_RHI - STATCAT_Advanced
[2022.05.31-20.08.04:713][  0]               0  -  Render target memory Cube - STAT_RenderTargetMemoryCube - STATGROUP_RHI - STATCAT_Advanced
[2022.05.31-20.08.04:713][  0]               0  -  Render target memory 3D - STAT_RenderTargetMemory3D - STATGROUP_RHI - STATCAT_Advanced
[2022.05.31-20.08.04:713][  0]               0  -  Render target memory 2D - STAT_RenderTargetMemory2D - STATGROUP_RHI - STATCAT_Advanced
[2022.05.31-20.08.04:713][  0]0.000MB total
[2022.05.31-20.08.04:714][  0]LogWindows: FPlatformMisc::RequestExit(1)
[2022.05.31-20.08.04:714][  0]LogWindows: FPlatformMisc::RequestExitWithStatus(1, 0)
[2022.05.31-20.08.04:714][  0]LogCore: Engine exit requested (reason: Win RequestExit)
[2022.05.31-20.08.04:898][  0]Log file closed, 05/31/22 17:08:04
